{"C:\\Code-Projects\\Gallerium\\src\\Server\\tests\\config\\index.js":{"path":"C:\\Code-Projects\\Gallerium\\src\\Server\\tests\\config\\index.js","statementMap":{"0":{"start":{"line":3,"column":0},"end":{"line":5,"column":3}},"1":{"start":{"line":7,"column":12},"end":{"line":7,"column":27}},"2":{"start":{"line":9,"column":13},"end":{"line":9,"column":42}},"3":{"start":{"line":11,"column":16},"end":{"line":11,"column":36}},"4":{"start":{"line":13,"column":17},"end":{"line":13,"column":50}},"5":{"start":{"line":15,"column":39},"end":{"line":15,"column":93}},"6":{"start":{"line":17,"column":0},"end":{"line":17,"column":39}},"7":{"start":{"line":19,"column":0},"end":{"line":22,"column":2}}},"fnMap":{"0":{"name":"_interopRequireDefault","decl":{"start":{"line":15,"column":9},"end":{"line":15,"column":31}},"loc":{"start":{"line":15,"column":37},"end":{"line":15,"column":95}},"line":15}},"branchMap":{"0":{"loc":{"start":{"line":15,"column":46},"end":{"line":15,"column":92}},"type":"cond-expr","locations":[{"start":{"line":15,"column":70},"end":{"line":15,"column":73}},{"start":{"line":15,"column":76},"end":{"line":15,"column":92}}],"line":15},"1":{"loc":{"start":{"line":15,"column":46},"end":{"line":15,"column":67}},"type":"binary-expr","locations":[{"start":{"line":15,"column":46},"end":{"line":15,"column":49}},{"start":{"line":15,"column":53},"end":{"line":15,"column":67}}],"line":15}},"s":{"0":1,"1":1,"2":1,"3":1,"4":1,"5":2,"6":1,"7":1},"f":{"0":2},"b":{"0":[0,2],"1":[2,2]},"_coverageSchema":"43e27e138ebf9cfc5966b082cf9a028302ed4184","hash":"372fa2036595c94a8a2f7eb807f07c4333b7bd05","contentHash":"5442f3e5770c644c4ff493c1ff38108191ce779985e9c3fb11b58167856216fd"},"C:\\Code-Projects\\Gallerium\\src\\Server\\index.js":{"path":"C:\\Code-Projects\\Gallerium\\src\\Server\\index.js","statementMap":{"0":{"start":{"line":3,"column":0},"end":{"line":5,"column":3}},"1":{"start":{"line":7,"column":15},"end":{"line":7,"column":33}},"2":{"start":{"line":9,"column":16},"end":{"line":9,"column":48}},"3":{"start":{"line":11,"column":16},"end":{"line":11,"column":35}},"4":{"start":{"line":13,"column":17},"end":{"line":13,"column":50}},"5":{"start":{"line":15,"column":11},"end":{"line":15,"column":27}},"6":{"start":{"line":17,"column":12},"end":{"line":17,"column":40}},"7":{"start":{"line":19,"column":14},"end":{"line":19,"column":33}},"8":{"start":{"line":21,"column":15},"end":{"line":21,"column":46}},"9":{"start":{"line":23,"column":39},"end":{"line":23,"column":93}},"10":{"start":{"line":25,"column":10},"end":{"line":25,"column":34}},"11":{"start":{"line":26,"column":14},"end":{"line":30,"column":1}},"12":{"start":{"line":32,"column":0},"end":{"line":32,"column":36}},"13":{"start":{"line":34,"column":11},"end":{"line":34,"column":29}},"14":{"start":{"line":35,"column":20},"end":{"line":35,"column":47}},"15":{"start":{"line":36,"column":21},"end":{"line":36,"column":49}},"16":{"start":{"line":37,"column":21},"end":{"line":37,"column":49}},"17":{"start":{"line":38,"column":15},"end":{"line":38,"column":37}},"18":{"start":{"line":40,"column":17},"end":{"line":44,"column":1}},"19":{"start":{"line":45,"column":16},"end":{"line":45,"column":36}},"20":{"start":{"line":46,"column":17},"end":{"line":51,"column":1}},"21":{"start":{"line":53,"column":0},"end":{"line":62,"column":3}},"22":{"start":{"line":54,"column":2},"end":{"line":58,"column":3}},"23":{"start":{"line":55,"column":4},"end":{"line":57,"column":8}},"24":{"start":{"line":59,"column":2},"end":{"line":61,"column":5}},"25":{"start":{"line":60,"column":4},"end":{"line":60,"column":47}},"26":{"start":{"line":64,"column":0},"end":{"line":64,"column":22}}},"fnMap":{"0":{"name":"_interopRequireDefault","decl":{"start":{"line":23,"column":9},"end":{"line":23,"column":31}},"loc":{"start":{"line":23,"column":37},"end":{"line":23,"column":95}},"line":23},"1":{"name":"(anonymous_1)","decl":{"start":{"line":53,"column":50},"end":{"line":53,"column":51}},"loc":{"start":{"line":53,"column":67},"end":{"line":62,"column":1}},"line":53},"2":{"name":"(anonymous_2)","decl":{"start":{"line":59,"column":19},"end":{"line":59,"column":20}},"loc":{"start":{"line":59,"column":31},"end":{"line":61,"column":3}},"line":59}},"branchMap":{"0":{"loc":{"start":{"line":23,"column":46},"end":{"line":23,"column":92}},"type":"cond-expr","locations":[{"start":{"line":23,"column":70},"end":{"line":23,"column":73}},{"start":{"line":23,"column":76},"end":{"line":23,"column":92}}],"line":23},"1":{"loc":{"start":{"line":23,"column":46},"end":{"line":23,"column":67}},"type":"binary-expr","locations":[{"start":{"line":23,"column":46},"end":{"line":23,"column":49}},{"start":{"line":23,"column":53},"end":{"line":23,"column":67}}],"line":23},"2":{"loc":{"start":{"line":54,"column":2},"end":{"line":58,"column":3}},"type":"if","locations":[{"start":{"line":54,"column":2},"end":{"line":58,"column":3}},{"start":{"line":54,"column":2},"end":{"line":58,"column":3}}],"line":54}},"s":{"0":1,"1":1,"2":1,"3":1,"4":1,"5":1,"6":1,"7":1,"8":1,"9":4,"10":1,"11":1,"12":1,"13":1,"14":1,"15":1,"16":1,"17":1,"18":1,"19":1,"20":1,"21":1,"22":1,"23":0,"24":1,"25":1,"26":1},"f":{"0":4,"1":1,"2":1},"b":{"0":[2,2],"1":[4,4],"2":[0,1]},"_coverageSchema":"43e27e138ebf9cfc5966b082cf9a028302ed4184","hash":"dadfaa7f260e78b9b739fcc352fcd6d102dc81a7","contentHash":"c0f637a72676f82ec66d0847df8945193951ef7e32eff3dafc20886eccabc088"},"C:\\Code-Projects\\Gallerium\\src\\Server\\env.js":{"path":"C:\\Code-Projects\\Gallerium\\src\\Server\\env.js","statementMap":{"0":{"start":{"line":3,"column":0},"end":{"line":5,"column":3}},"1":{"start":{"line":7,"column":14},"end":{"line":7,"column":31}},"2":{"start":{"line":9,"column":15},"end":{"line":9,"column":46}},"3":{"start":{"line":11,"column":39},"end":{"line":11,"column":93}},"4":{"start":{"line":13,"column":0},"end":{"line":13,"column":26}},"5":{"start":{"line":15,"column":15},"end":{"line":15,"column":22}},"6":{"start":{"line":16,"column":10},"end":{"line":16,"column":22}},"7":{"start":{"line":19,"column":11},"end":{"line":26,"column":1}},"8":{"start":{"line":28,"column":0},"end":{"line":28,"column":23}}},"fnMap":{"0":{"name":"_interopRequireDefault","decl":{"start":{"line":11,"column":9},"end":{"line":11,"column":31}},"loc":{"start":{"line":11,"column":37},"end":{"line":11,"column":95}},"line":11}},"branchMap":{"0":{"loc":{"start":{"line":11,"column":46},"end":{"line":11,"column":92}},"type":"cond-expr","locations":[{"start":{"line":11,"column":70},"end":{"line":11,"column":73}},{"start":{"line":11,"column":76},"end":{"line":11,"column":92}}],"line":11},"1":{"loc":{"start":{"line":11,"column":46},"end":{"line":11,"column":67}},"type":"binary-expr","locations":[{"start":{"line":11,"column":46},"end":{"line":11,"column":49}},{"start":{"line":11,"column":53},"end":{"line":11,"column":67}}],"line":11}},"s":{"0":1,"1":1,"2":1,"3":1,"4":1,"5":1,"6":1,"7":1,"8":1},"f":{"0":1},"b":{"0":[0,1],"1":[1,1]},"_coverageSchema":"43e27e138ebf9cfc5966b082cf9a028302ed4184","hash":"749c48744659ce6a5dff372a0533ece57b90847d","contentHash":"02b28be159fdbd4b1b30fd374431fe639b84a1c2ddfe6dab2e1fe07c66e978ae"},"C:\\Code-Projects\\Gallerium\\src\\Server\\config\\index.js":{"path":"C:\\Code-Projects\\Gallerium\\src\\Server\\config\\index.js","statementMap":{"0":{"start":{"line":3,"column":0},"end":{"line":5,"column":3}},"1":{"start":{"line":7,"column":12},"end":{"line":7,"column":27}},"2":{"start":{"line":9,"column":13},"end":{"line":9,"column":42}},"3":{"start":{"line":11,"column":19},"end":{"line":11,"column":44}},"4":{"start":{"line":13,"column":11},"end":{"line":13,"column":28}},"5":{"start":{"line":15,"column":12},"end":{"line":15,"column":40}},"6":{"start":{"line":17,"column":14},"end":{"line":17,"column":34}},"7":{"start":{"line":19,"column":15},"end":{"line":19,"column":46}},"8":{"start":{"line":21,"column":39},"end":{"line":21,"column":93}},"9":{"start":{"line":23,"column":0},"end":{"line":43,"column":2}},"10":{"start":{"line":24,"column":16},"end":{"line":24,"column":28}},"11":{"start":{"line":25,"column":13},"end":{"line":25,"column":22}},"12":{"start":{"line":26,"column":19},"end":{"line":26,"column":34}},"13":{"start":{"line":28,"column":22},"end":{"line":28,"column":62}},"14":{"start":{"line":29,"column":2},"end":{"line":29,"column":29}},"15":{"start":{"line":30,"column":2},"end":{"line":32,"column":3}},"16":{"start":{"line":31,"column":4},"end":{"line":31,"column":38}},"17":{"start":{"line":33,"column":2},"end":{"line":33,"column":18}},"18":{"start":{"line":34,"column":2},"end":{"line":36,"column":6}},"19":{"start":{"line":37,"column":2},"end":{"line":41,"column":6}},"20":{"start":{"line":39,"column":6},"end":{"line":39,"column":45}},"21":{"start":{"line":42,"column":2},"end":{"line":42,"column":39}}},"fnMap":{"0":{"name":"_interopRequireDefault","decl":{"start":{"line":21,"column":9},"end":{"line":21,"column":31}},"loc":{"start":{"line":21,"column":37},"end":{"line":21,"column":95}},"line":21},"1":{"name":"(anonymous_1)","decl":{"start":{"line":23,"column":18},"end":{"line":23,"column":19}},"loc":{"start":{"line":23,"column":39},"end":{"line":43,"column":1}},"line":23},"2":{"name":"setHeaders","decl":{"start":{"line":38,"column":25},"end":{"line":38,"column":35}},"loc":{"start":{"line":38,"column":52},"end":{"line":40,"column":5}},"line":38}},"branchMap":{"0":{"loc":{"start":{"line":21,"column":46},"end":{"line":21,"column":92}},"type":"cond-expr","locations":[{"start":{"line":21,"column":70},"end":{"line":21,"column":73}},{"start":{"line":21,"column":76},"end":{"line":21,"column":92}}],"line":21},"1":{"loc":{"start":{"line":21,"column":46},"end":{"line":21,"column":67}},"type":"binary-expr","locations":[{"start":{"line":21,"column":46},"end":{"line":21,"column":49}},{"start":{"line":21,"column":53},"end":{"line":21,"column":67}}],"line":21},"2":{"loc":{"start":{"line":30,"column":2},"end":{"line":32,"column":3}},"type":"if","locations":[{"start":{"line":30,"column":2},"end":{"line":32,"column":3}},{"start":{"line":30,"column":2},"end":{"line":32,"column":3}}],"line":30}},"s":{"0":1,"1":1,"2":1,"3":1,"4":1,"5":1,"6":1,"7":1,"8":3,"9":1,"10":1,"11":1,"12":1,"13":1,"14":1,"15":1,"16":0,"17":1,"18":1,"19":1,"20":0,"21":1},"f":{"0":3,"1":1,"2":0},"b":{"0":[2,1],"1":[3,3],"2":[0,1]},"_coverageSchema":"43e27e138ebf9cfc5966b082cf9a028302ed4184","hash":"43efca66aa1381117efd4f9a96822c2aea3d816f","contentHash":"37f927e986ae86d67fc4da833563f03994885e356ca3c52fec064d7ef974c076"},"C:\\Code-Projects\\Gallerium\\src\\Server\\middlewares\\index.js":{"path":"C:\\Code-Projects\\Gallerium\\src\\Server\\middlewares\\index.js","statementMap":{"0":{"start":{"line":3,"column":0},"end":{"line":5,"column":3}},"1":{"start":{"line":7,"column":12},"end":{"line":7,"column":29}},"2":{"start":{"line":9,"column":0},"end":{"line":14,"column":3}},"3":{"start":{"line":12,"column":4},"end":{"line":12,"column":22}},"4":{"start":{"line":16,"column":12},"end":{"line":16,"column":29}},"5":{"start":{"line":18,"column":0},"end":{"line":23,"column":3}},"6":{"start":{"line":21,"column":4},"end":{"line":21,"column":22}}},"fnMap":{"0":{"name":"get","decl":{"start":{"line":11,"column":16},"end":{"line":11,"column":19}},"loc":{"start":{"line":11,"column":22},"end":{"line":13,"column":3}},"line":11},"1":{"name":"get","decl":{"start":{"line":20,"column":16},"end":{"line":20,"column":19}},"loc":{"start":{"line":20,"column":22},"end":{"line":22,"column":3}},"line":20}},"branchMap":{},"s":{"0":1,"1":1,"2":1,"3":5,"4":1,"5":1,"6":1},"f":{"0":5,"1":1},"b":{},"_coverageSchema":"43e27e138ebf9cfc5966b082cf9a028302ed4184","hash":"d189ccd04565385e2f8bc966ce6b64890eb951a1","contentHash":"e419b2b1214e53b604c88d15b9e539968c0a2625bf42fc7e7d3f0393724a229e"},"C:\\Code-Projects\\Gallerium\\src\\Server\\middlewares\\auth.js":{"path":"C:\\Code-Projects\\Gallerium\\src\\Server\\middlewares\\auth.js","statementMap":{"0":{"start":{"line":3,"column":0},"end":{"line":5,"column":3}},"1":{"start":{"line":6,"column":0},"end":{"line":6,"column":25}},"2":{"start":{"line":8,"column":19},"end":{"line":8,"column":563}},"3":{"start":{"line":8,"column":76},"end":{"line":8,"column":347}},"4":{"start":{"line":8,"column":89},"end":{"line":8,"column":90}},"5":{"start":{"line":8,"column":134},"end":{"line":8,"column":142}},"6":{"start":{"line":8,"column":144},"end":{"line":8,"column":199}},"7":{"start":{"line":8,"column":200},"end":{"line":8,"column":231}},"8":{"start":{"line":8,"column":232},"end":{"line":8,"column":286}},"9":{"start":{"line":8,"column":259},"end":{"line":8,"column":286}},"10":{"start":{"line":8,"column":287},"end":{"line":8,"column":345}},"11":{"start":{"line":8,"column":350},"end":{"line":8,"column":559}},"12":{"start":{"line":8,"column":407},"end":{"line":8,"column":475}},"13":{"start":{"line":8,"column":423},"end":{"line":8,"column":475}},"14":{"start":{"line":8,"column":476},"end":{"line":8,"column":536}},"15":{"start":{"line":8,"column":493},"end":{"line":8,"column":536}},"16":{"start":{"line":8,"column":537},"end":{"line":8,"column":556}},"17":{"start":{"line":10,"column":20},"end":{"line":10,"column":43}},"18":{"start":{"line":12,"column":21},"end":{"line":12,"column":58}},"19":{"start":{"line":14,"column":15},"end":{"line":14,"column":36}},"20":{"start":{"line":16,"column":11},"end":{"line":16,"column":28}},"21":{"start":{"line":18,"column":12},"end":{"line":18,"column":40}},"22":{"start":{"line":20,"column":10},"end":{"line":20,"column":26}},"23":{"start":{"line":22,"column":11},"end":{"line":22,"column":38}},"24":{"start":{"line":24,"column":39},"end":{"line":24,"column":93}},"25":{"start":{"line":26,"column":33},"end":{"line":26,"column":456}},"26":{"start":{"line":26,"column":64},"end":{"line":26,"column":89}},"27":{"start":{"line":26,"column":91},"end":{"line":26,"column":453}},"28":{"start":{"line":26,"column":165},"end":{"line":26,"column":263}},"29":{"start":{"line":26,"column":182},"end":{"line":26,"column":195}},"30":{"start":{"line":26,"column":209},"end":{"line":26,"column":219}},"31":{"start":{"line":26,"column":239},"end":{"line":26,"column":253}},"32":{"start":{"line":26,"column":254},"end":{"line":26,"column":261}},"33":{"start":{"line":26,"column":264},"end":{"line":26,"column":426}},"34":{"start":{"line":26,"column":281},"end":{"line":26,"column":296}},"35":{"start":{"line":26,"column":306},"end":{"line":26,"column":424}},"36":{"start":{"line":26,"column":360},"end":{"line":26,"column":380}},"37":{"start":{"line":26,"column":401},"end":{"line":26,"column":420}},"38":{"start":{"line":26,"column":429},"end":{"line":26,"column":449}},"39":{"start":{"line":28,"column":50},"end":{"line":28,"column":151}},"40":{"start":{"line":28,"column":92},"end":{"line":28,"column":149}},"41":{"start":{"line":30,"column":17},"end":{"line":30,"column":36}},"42":{"start":{"line":31,"column":16},"end":{"line":31,"column":36}},"43":{"start":{"line":32,"column":11},"end":{"line":32,"column":26}},"44":{"start":{"line":38,"column":11},"end":{"line":205,"column":3}},"45":{"start":{"line":40,"column":4},"end":{"line":40,"column":32}},"46":{"start":{"line":43,"column":2},"end":{"line":202,"column":6}},"47":{"start":{"line":53,"column":17},"end":{"line":159,"column":9}},"48":{"start":{"line":55,"column":8},"end":{"line":158,"column":26}},"49":{"start":{"line":56,"column":10},"end":{"line":157,"column":11}},"50":{"start":{"line":57,"column":12},"end":{"line":156,"column":13}},"51":{"start":{"line":59,"column":16},"end":{"line":59,"column":58}},"52":{"start":{"line":61,"column":16},"end":{"line":64,"column":17}},"53":{"start":{"line":62,"column":18},"end":{"line":62,"column":36}},"54":{"start":{"line":63,"column":18},"end":{"line":63,"column":24}},"55":{"start":{"line":66,"column":16},"end":{"line":69,"column":19}},"56":{"start":{"line":70,"column":16},"end":{"line":70,"column":49}},"57":{"start":{"line":73,"column":16},"end":{"line":73,"column":52}},"58":{"start":{"line":75,"column":16},"end":{"line":78,"column":17}},"59":{"start":{"line":76,"column":18},"end":{"line":76,"column":36}},"60":{"start":{"line":77,"column":18},"end":{"line":77,"column":24}},"61":{"start":{"line":80,"column":16},"end":{"line":83,"column":19}},"62":{"start":{"line":84,"column":16},"end":{"line":84,"column":49}},"63":{"start":{"line":87,"column":16},"end":{"line":87,"column":35}},"64":{"start":{"line":88,"column":16},"end":{"line":92,"column":19}},"65":{"start":{"line":89,"column":18},"end":{"line":91,"column":21}},"66":{"start":{"line":90,"column":20},"end":{"line":90,"column":37}},"67":{"start":{"line":95,"column":16},"end":{"line":95,"column":43}},"68":{"start":{"line":97,"column":16},"end":{"line":100,"column":17}},"69":{"start":{"line":98,"column":18},"end":{"line":98,"column":37}},"70":{"start":{"line":99,"column":18},"end":{"line":99,"column":24}},"71":{"start":{"line":102,"column":16},"end":{"line":105,"column":19}},"72":{"start":{"line":106,"column":16},"end":{"line":106,"column":49}},"73":{"start":{"line":109,"column":16},"end":{"line":109,"column":35}},"74":{"start":{"line":110,"column":16},"end":{"line":114,"column":19}},"75":{"start":{"line":111,"column":18},"end":{"line":113,"column":21}},"76":{"start":{"line":112,"column":20},"end":{"line":112,"column":34}},"77":{"start":{"line":117,"column":16},"end":{"line":117,"column":44}},"78":{"start":{"line":119,"column":16},"end":{"line":122,"column":17}},"79":{"start":{"line":120,"column":18},"end":{"line":120,"column":37}},"80":{"start":{"line":121,"column":18},"end":{"line":121,"column":24}},"81":{"start":{"line":124,"column":16},"end":{"line":127,"column":19}},"82":{"start":{"line":128,"column":16},"end":{"line":128,"column":49}},"83":{"start":{"line":131,"column":16},"end":{"line":131,"column":63}},"84":{"start":{"line":132,"column":16},"end":{"line":132,"column":35}},"85":{"start":{"line":133,"column":16},"end":{"line":137,"column":19}},"86":{"start":{"line":134,"column":18},"end":{"line":136,"column":21}},"87":{"start":{"line":135,"column":20},"end":{"line":135,"column":34}},"88":{"start":{"line":140,"column":16},"end":{"line":140,"column":37}},"89":{"start":{"line":142,"column":16},"end":{"line":151,"column":17}},"90":{"start":{"line":143,"column":18},"end":{"line":143,"column":34}},"91":{"start":{"line":144,"column":18},"end":{"line":144,"column":36}},"92":{"start":{"line":145,"column":18},"end":{"line":145,"column":25}},"93":{"start":{"line":147,"column":18},"end":{"line":150,"column":21}},"94":{"start":{"line":155,"column":16},"end":{"line":155,"column":39}},"95":{"start":{"line":162,"column":8},"end":{"line":162,"column":43}},"96":{"start":{"line":165,"column":6},"end":{"line":165,"column":24}},"97":{"start":{"line":178,"column":17},"end":{"line":178,"column":25}},"98":{"start":{"line":180,"column":25},"end":{"line":180,"column":65}},"99":{"start":{"line":181,"column":6},"end":{"line":187,"column":7}},"100":{"start":{"line":182,"column":8},"end":{"line":185,"column":11}},"101":{"start":{"line":186,"column":8},"end":{"line":186,"column":15}},"102":{"start":{"line":188,"column":27},"end":{"line":192,"column":8}},"103":{"start":{"line":193,"column":6},"end":{"line":199,"column":7}},"104":{"start":{"line":194,"column":8},"end":{"line":197,"column":11}},"105":{"start":{"line":198,"column":8},"end":{"line":198,"column":15}},"106":{"start":{"line":200,"column":6},"end":{"line":200,"column":13}},"107":{"start":{"line":204,"column":2},"end":{"line":204,"column":14}}},"fnMap":{"0":{"name":"(anonymous_0)","decl":{"start":{"line":8,"column":19},"end":{"line":8,"column":20}},"loc":{"start":{"line":8,"column":31},"end":{"line":8,"column":561}},"line":8},"1":{"name":"defineProperties","decl":{"start":{"line":8,"column":42},"end":{"line":8,"column":58}},"loc":{"start":{"line":8,"column":74},"end":{"line":8,"column":349}},"line":8},"2":{"name":"(anonymous_2)","decl":{"start":{"line":8,"column":357},"end":{"line":8,"column":358}},"loc":{"start":{"line":8,"column":405},"end":{"line":8,"column":558}},"line":8},"3":{"name":"_interopRequireDefault","decl":{"start":{"line":24,"column":9},"end":{"line":24,"column":31}},"loc":{"start":{"line":24,"column":37},"end":{"line":24,"column":95}},"line":24},"4":{"name":"_asyncToGenerator","decl":{"start":{"line":26,"column":9},"end":{"line":26,"column":26}},"loc":{"start":{"line":26,"column":31},"end":{"line":26,"column":458}},"line":26},"5":{"name":"(anonymous_5)","decl":{"start":{"line":26,"column":40},"end":{"line":26,"column":41}},"loc":{"start":{"line":26,"column":52},"end":{"line":26,"column":455}},"line":26},"6":{"name":"(anonymous_6)","decl":{"start":{"line":26,"column":110},"end":{"line":26,"column":111}},"loc":{"start":{"line":26,"column":137},"end":{"line":26,"column":451}},"line":26},"7":{"name":"step","decl":{"start":{"line":26,"column":148},"end":{"line":26,"column":152}},"loc":{"start":{"line":26,"column":163},"end":{"line":26,"column":428}},"line":26},"8":{"name":"(anonymous_8)","decl":{"start":{"line":26,"column":341},"end":{"line":26,"column":342}},"loc":{"start":{"line":26,"column":358},"end":{"line":26,"column":382}},"line":26},"9":{"name":"(anonymous_9)","decl":{"start":{"line":26,"column":384},"end":{"line":26,"column":385}},"loc":{"start":{"line":26,"column":399},"end":{"line":26,"column":422}},"line":26},"10":{"name":"_classCallCheck","decl":{"start":{"line":28,"column":9},"end":{"line":28,"column":24}},"loc":{"start":{"line":28,"column":48},"end":{"line":28,"column":153}},"line":28},"11":{"name":"(anonymous_11)","decl":{"start":{"line":38,"column":26},"end":{"line":38,"column":27}},"loc":{"start":{"line":38,"column":38},"end":{"line":205,"column":1}},"line":38},"12":{"name":"Auth","decl":{"start":{"line":39,"column":11},"end":{"line":39,"column":15}},"loc":{"start":{"line":39,"column":18},"end":{"line":41,"column":3}},"line":39},"13":{"name":"(anonymous_13)","decl":{"start":{"line":52,"column":11},"end":{"line":52,"column":12}},"loc":{"start":{"line":52,"column":23},"end":{"line":166,"column":5}},"line":52},"14":{"name":"_callee","decl":{"start":{"line":53,"column":82},"end":{"line":53,"column":89}},"loc":{"start":{"line":53,"column":106},"end":{"line":159,"column":7}},"line":53},"15":{"name":"_callee$","decl":{"start":{"line":55,"column":48},"end":{"line":55,"column":56}},"loc":{"start":{"line":55,"column":67},"end":{"line":158,"column":9}},"line":55},"16":{"name":"(anonymous_16)","decl":{"start":{"line":88,"column":35},"end":{"line":88,"column":36}},"loc":{"start":{"line":88,"column":54},"end":{"line":92,"column":17}},"line":88},"17":{"name":"(anonymous_17)","decl":{"start":{"line":89,"column":87},"end":{"line":89,"column":88}},"loc":{"start":{"line":89,"column":111},"end":{"line":91,"column":19}},"line":89},"18":{"name":"(anonymous_18)","decl":{"start":{"line":110,"column":35},"end":{"line":110,"column":36}},"loc":{"start":{"line":110,"column":54},"end":{"line":114,"column":17}},"line":110},"19":{"name":"(anonymous_19)","decl":{"start":{"line":111,"column":52},"end":{"line":111,"column":53}},"loc":{"start":{"line":111,"column":68},"end":{"line":113,"column":19}},"line":111},"20":{"name":"(anonymous_20)","decl":{"start":{"line":133,"column":35},"end":{"line":133,"column":36}},"loc":{"start":{"line":133,"column":54},"end":{"line":137,"column":17}},"line":133},"21":{"name":"(anonymous_21)","decl":{"start":{"line":134,"column":49},"end":{"line":134,"column":50}},"loc":{"start":{"line":134,"column":65},"end":{"line":136,"column":19}},"line":134},"22":{"name":"checkToken","decl":{"start":{"line":161,"column":15},"end":{"line":161,"column":25}},"loc":{"start":{"line":161,"column":40},"end":{"line":163,"column":7}},"line":161},"23":{"name":"checkBody","decl":{"start":{"line":177,"column":20},"end":{"line":177,"column":29}},"loc":{"start":{"line":177,"column":46},"end":{"line":201,"column":5}},"line":177}},"branchMap":{"0":{"loc":{"start":{"line":8,"column":168},"end":{"line":8,"column":198}},"type":"binary-expr","locations":[{"start":{"line":8,"column":168},"end":{"line":8,"column":189}},{"start":{"line":8,"column":193},"end":{"line":8,"column":198}}],"line":8},"1":{"loc":{"start":{"line":8,"column":232},"end":{"line":8,"column":286}},"type":"if","locations":[{"start":{"line":8,"column":232},"end":{"line":8,"column":286}},{"start":{"line":8,"column":232},"end":{"line":8,"column":286}}],"line":8},"2":{"loc":{"start":{"line":8,"column":407},"end":{"line":8,"column":475}},"type":"if","locations":[{"start":{"line":8,"column":407},"end":{"line":8,"column":475}},{"start":{"line":8,"column":407},"end":{"line":8,"column":475}}],"line":8},"3":{"loc":{"start":{"line":8,"column":476},"end":{"line":8,"column":536}},"type":"if","locations":[{"start":{"line":8,"column":476},"end":{"line":8,"column":536}},{"start":{"line":8,"column":476},"end":{"line":8,"column":536}}],"line":8},"4":{"loc":{"start":{"line":24,"column":46},"end":{"line":24,"column":92}},"type":"cond-expr","locations":[{"start":{"line":24,"column":70},"end":{"line":24,"column":73}},{"start":{"line":24,"column":76},"end":{"line":24,"column":92}}],"line":24},"5":{"loc":{"start":{"line":24,"column":46},"end":{"line":24,"column":67}},"type":"binary-expr","locations":[{"start":{"line":24,"column":46},"end":{"line":24,"column":49}},{"start":{"line":24,"column":53},"end":{"line":24,"column":67}}],"line":24},"6":{"loc":{"start":{"line":26,"column":264},"end":{"line":26,"column":426}},"type":"if","locations":[{"start":{"line":26,"column":264},"end":{"line":26,"column":426}},{"start":{"line":26,"column":264},"end":{"line":26,"column":426}}],"line":26},"7":{"loc":{"start":{"line":28,"column":50},"end":{"line":28,"column":151}},"type":"if","locations":[{"start":{"line":28,"column":50},"end":{"line":28,"column":151}},{"start":{"line":28,"column":50},"end":{"line":28,"column":151}}],"line":28},"8":{"loc":{"start":{"line":57,"column":12},"end":{"line":156,"column":13}},"type":"switch","locations":[{"start":{"line":58,"column":14},"end":{"line":70,"column":49}},{"start":{"line":72,"column":14},"end":{"line":84,"column":49}},{"start":{"line":86,"column":14},"end":{"line":92,"column":19}},{"start":{"line":94,"column":14},"end":{"line":106,"column":49}},{"start":{"line":108,"column":14},"end":{"line":114,"column":19}},{"start":{"line":116,"column":14},"end":{"line":128,"column":49}},{"start":{"line":130,"column":14},"end":{"line":137,"column":19}},{"start":{"line":139,"column":14},"end":{"line":151,"column":17}},{"start":{"line":153,"column":14},"end":{"line":153,"column":22}},{"start":{"line":154,"column":14},"end":{"line":155,"column":39}}],"line":57},"9":{"loc":{"start":{"line":61,"column":16},"end":{"line":64,"column":17}},"type":"if","locations":[{"start":{"line":61,"column":16},"end":{"line":64,"column":17}},{"start":{"line":61,"column":16},"end":{"line":64,"column":17}}],"line":61},"10":{"loc":{"start":{"line":75,"column":16},"end":{"line":78,"column":17}},"type":"if","locations":[{"start":{"line":75,"column":16},"end":{"line":78,"column":17}},{"start":{"line":75,"column":16},"end":{"line":78,"column":17}}],"line":75},"11":{"loc":{"start":{"line":97,"column":16},"end":{"line":100,"column":17}},"type":"if","locations":[{"start":{"line":97,"column":16},"end":{"line":100,"column":17}},{"start":{"line":97,"column":16},"end":{"line":100,"column":17}}],"line":97},"12":{"loc":{"start":{"line":119,"column":16},"end":{"line":122,"column":17}},"type":"if","locations":[{"start":{"line":119,"column":16},"end":{"line":122,"column":17}},{"start":{"line":119,"column":16},"end":{"line":122,"column":17}}],"line":119},"13":{"loc":{"start":{"line":142,"column":16},"end":{"line":151,"column":17}},"type":"if","locations":[{"start":{"line":142,"column":16},"end":{"line":151,"column":17}},{"start":{"line":142,"column":16},"end":{"line":151,"column":17}}],"line":142},"14":{"loc":{"start":{"line":181,"column":6},"end":{"line":187,"column":7}},"type":"if","locations":[{"start":{"line":181,"column":6},"end":{"line":187,"column":7}},{"start":{"line":181,"column":6},"end":{"line":187,"column":7}}],"line":181},"15":{"loc":{"start":{"line":193,"column":6},"end":{"line":199,"column":7}},"type":"if","locations":[{"start":{"line":193,"column":6},"end":{"line":199,"column":7}},{"start":{"line":193,"column":6},"end":{"line":199,"column":7}}],"line":193}},"s":{"0":1,"1":1,"2":1,"3":1,"4":1,"5":2,"6":2,"7":2,"8":2,"9":2,"10":2,"11":1,"12":1,"13":0,"14":1,"15":1,"16":1,"17":1,"18":1,"19":1,"20":1,"21":1,"22":1,"23":1,"24":3,"25":1,"26":2,"27":2,"28":8,"29":8,"30":8,"31":0,"32":0,"33":8,"34":2,"35":6,"36":6,"37":0,"38":2,"39":0,"40":0,"41":1,"42":1,"43":1,"44":1,"45":0,"46":1,"47":1,"48":2,"49":8,"50":16,"51":2,"52":2,"53":2,"54":2,"55":0,"56":0,"57":2,"58":2,"59":2,"60":2,"61":0,"62":0,"63":2,"64":2,"65":2,"66":2,"67":2,"68":2,"69":2,"70":2,"71":0,"72":0,"73":2,"74":2,"75":2,"76":2,"77":2,"78":2,"79":2,"80":2,"81":0,"82":0,"83":2,"84":2,"85":2,"86":2,"87":2,"88":2,"89":2,"90":2,"91":2,"92":2,"93":0,"94":2,"95":2,"96":1,"97":1,"98":1,"99":1,"100":0,"101":0,"102":1,"103":1,"104":0,"105":0,"106":1,"107":1},"f":{"0":1,"1":1,"2":1,"3":3,"4":1,"5":2,"6":2,"7":8,"8":6,"9":0,"10":0,"11":1,"12":0,"13":1,"14":2,"15":8,"16":2,"17":2,"18":2,"19":2,"20":2,"21":2,"22":2,"23":1},"b":{"0":[2,2],"1":[2,0],"2":[0,1],"3":[1,0],"4":[2,1],"5":[3,3],"6":[2,6],"7":[0,0],"8":[2,2,2,2,2,2,2,2,2,2],"9":[2,0],"10":[2,0],"11":[2,0],"12":[2,0],"13":[2,0],"14":[0,1],"15":[0,1]},"_coverageSchema":"43e27e138ebf9cfc5966b082cf9a028302ed4184","hash":"cd4e539916ebe2b0b19173c27cde4f143d7da95b","contentHash":"8f9e6d18dc08ec71a31f1bc05055bdd590caba7c900f3b497ae8d4fd9c4012bc"},"C:\\Code-Projects\\Gallerium\\src\\Server\\helpers\\index.js":{"path":"C:\\Code-Projects\\Gallerium\\src\\Server\\helpers\\index.js","statementMap":{"0":{"start":{"line":3,"column":0},"end":{"line":5,"column":3}},"1":{"start":{"line":7,"column":12},"end":{"line":7,"column":29}},"2":{"start":{"line":9,"column":0},"end":{"line":14,"column":3}},"3":{"start":{"line":12,"column":4},"end":{"line":12,"column":22}},"4":{"start":{"line":16,"column":19},"end":{"line":16,"column":43}},"5":{"start":{"line":18,"column":0},"end":{"line":23,"column":3}},"6":{"start":{"line":21,"column":4},"end":{"line":21,"column":36}}},"fnMap":{"0":{"name":"get","decl":{"start":{"line":11,"column":16},"end":{"line":11,"column":19}},"loc":{"start":{"line":11,"column":22},"end":{"line":13,"column":3}},"line":11},"1":{"name":"get","decl":{"start":{"line":20,"column":16},"end":{"line":20,"column":19}},"loc":{"start":{"line":20,"column":22},"end":{"line":22,"column":3}},"line":20}},"branchMap":{},"s":{"0":1,"1":1,"2":1,"3":2,"4":1,"5":1,"6":5},"f":{"0":2,"1":5},"b":{},"_coverageSchema":"43e27e138ebf9cfc5966b082cf9a028302ed4184","hash":"d7ac17452c96577d23f5fd58c36e8cb44cd727b7","contentHash":"fc7ef610814277496bf3ce344df330755e76602799a0f3ad59610ba47194598b"},"C:\\Code-Projects\\Gallerium\\src\\Server\\helpers\\keys.js":{"path":"C:\\Code-Projects\\Gallerium\\src\\Server\\helpers\\keys.js","statementMap":{"0":{"start":{"line":3,"column":0},"end":{"line":5,"column":3}},"1":{"start":{"line":7,"column":14},"end":{"line":7,"column":268}},"2":{"start":{"line":7,"column":101},"end":{"line":7,"column":119}},"3":{"start":{"line":7,"column":141},"end":{"line":7,"column":266}},"4":{"start":{"line":9,"column":19},"end":{"line":9,"column":563}},"5":{"start":{"line":9,"column":76},"end":{"line":9,"column":347}},"6":{"start":{"line":9,"column":89},"end":{"line":9,"column":90}},"7":{"start":{"line":9,"column":134},"end":{"line":9,"column":142}},"8":{"start":{"line":9,"column":144},"end":{"line":9,"column":199}},"9":{"start":{"line":9,"column":200},"end":{"line":9,"column":231}},"10":{"start":{"line":9,"column":232},"end":{"line":9,"column":286}},"11":{"start":{"line":9,"column":259},"end":{"line":9,"column":286}},"12":{"start":{"line":9,"column":287},"end":{"line":9,"column":345}},"13":{"start":{"line":9,"column":350},"end":{"line":9,"column":559}},"14":{"start":{"line":9,"column":407},"end":{"line":9,"column":475}},"15":{"start":{"line":9,"column":423},"end":{"line":9,"column":475}},"16":{"start":{"line":9,"column":476},"end":{"line":9,"column":536}},"17":{"start":{"line":9,"column":493},"end":{"line":9,"column":536}},"18":{"start":{"line":9,"column":537},"end":{"line":9,"column":556}},"19":{"start":{"line":11,"column":50},"end":{"line":11,"column":151}},"20":{"start":{"line":11,"column":92},"end":{"line":11,"column":149}},"21":{"start":{"line":16,"column":11},"end":{"line":105,"column":3}},"22":{"start":{"line":18,"column":4},"end":{"line":18,"column":32}},"23":{"start":{"line":21,"column":2},"end":{"line":102,"column":6}},"24":{"start":{"line":31,"column":6},"end":{"line":35,"column":9}},"25":{"start":{"line":32,"column":8},"end":{"line":34,"column":11}},"26":{"start":{"line":33,"column":10},"end":{"line":33,"column":31}},"27":{"start":{"line":48,"column":6},"end":{"line":48,"column":80}},"28":{"start":{"line":61,"column":20},"end":{"line":61,"column":22}},"29":{"start":{"line":62,"column":6},"end":{"line":69,"column":9}},"30":{"start":{"line":63,"column":24},"end":{"line":65,"column":10}},"31":{"start":{"line":64,"column":10},"end":{"line":64,"column":31}},"32":{"start":{"line":66,"column":8},"end":{"line":68,"column":9}},"33":{"start":{"line":67,"column":10},"end":{"line":67,"column":30}},"34":{"start":{"line":70,"column":6},"end":{"line":70,"column":21}},"35":{"start":{"line":83,"column":6},"end":{"line":85,"column":9}},"36":{"start":{"line":84,"column":8},"end":{"line":84,"column":70}},"37":{"start":{"line":98,"column":6},"end":{"line":100,"column":9}},"38":{"start":{"line":99,"column":8},"end":{"line":99,"column":50}},"39":{"start":{"line":104,"column":2},"end":{"line":104,"column":14}}},"fnMap":{"0":{"name":"(anonymous_0)","decl":{"start":{"line":7,"column":84},"end":{"line":7,"column":85}},"loc":{"start":{"line":7,"column":99},"end":{"line":7,"column":121}},"line":7},"1":{"name":"(anonymous_1)","decl":{"start":{"line":7,"column":124},"end":{"line":7,"column":125}},"loc":{"start":{"line":7,"column":139},"end":{"line":7,"column":268}},"line":7},"2":{"name":"(anonymous_2)","decl":{"start":{"line":9,"column":19},"end":{"line":9,"column":20}},"loc":{"start":{"line":9,"column":31},"end":{"line":9,"column":561}},"line":9},"3":{"name":"defineProperties","decl":{"start":{"line":9,"column":42},"end":{"line":9,"column":58}},"loc":{"start":{"line":9,"column":74},"end":{"line":9,"column":349}},"line":9},"4":{"name":"(anonymous_4)","decl":{"start":{"line":9,"column":357},"end":{"line":9,"column":358}},"loc":{"start":{"line":9,"column":405},"end":{"line":9,"column":558}},"line":9},"5":{"name":"_classCallCheck","decl":{"start":{"line":11,"column":9},"end":{"line":11,"column":24}},"loc":{"start":{"line":11,"column":48},"end":{"line":11,"column":153}},"line":11},"6":{"name":"(anonymous_6)","decl":{"start":{"line":16,"column":26},"end":{"line":16,"column":27}},"loc":{"start":{"line":16,"column":38},"end":{"line":105,"column":1}},"line":16},"7":{"name":"Keys","decl":{"start":{"line":17,"column":11},"end":{"line":17,"column":15}},"loc":{"start":{"line":17,"column":18},"end":{"line":19,"column":3}},"line":17},"8":{"name":"contains","decl":{"start":{"line":30,"column":20},"end":{"line":30,"column":28}},"loc":{"start":{"line":30,"column":41},"end":{"line":36,"column":5}},"line":30},"9":{"name":"(anonymous_9)","decl":{"start":{"line":31,"column":24},"end":{"line":31,"column":25}},"loc":{"start":{"line":31,"column":41},"end":{"line":35,"column":7}},"line":31},"10":{"name":"(anonymous_10)","decl":{"start":{"line":32,"column":38},"end":{"line":32,"column":39}},"loc":{"start":{"line":32,"column":53},"end":{"line":34,"column":9}},"line":32},"11":{"name":"isOfType","decl":{"start":{"line":47,"column":20},"end":{"line":47,"column":28}},"loc":{"start":{"line":47,"column":40},"end":{"line":49,"column":5}},"line":47},"12":{"name":"missing","decl":{"start":{"line":60,"column":20},"end":{"line":60,"column":27}},"loc":{"start":{"line":60,"column":40},"end":{"line":71,"column":5}},"line":60},"13":{"name":"(anonymous_13)","decl":{"start":{"line":62,"column":32},"end":{"line":62,"column":33}},"loc":{"start":{"line":62,"column":49},"end":{"line":69,"column":7}},"line":62},"14":{"name":"(anonymous_14)","decl":{"start":{"line":63,"column":34},"end":{"line":63,"column":35}},"loc":{"start":{"line":63,"column":49},"end":{"line":65,"column":9}},"line":63},"15":{"name":"isNotNull","decl":{"start":{"line":82,"column":20},"end":{"line":82,"column":29}},"loc":{"start":{"line":82,"column":53},"end":{"line":86,"column":5}},"line":82},"16":{"name":"(anonymous_16)","decl":{"start":{"line":83,"column":35},"end":{"line":83,"column":36}},"loc":{"start":{"line":83,"column":50},"end":{"line":85,"column":7}},"line":83},"17":{"name":"keysAreOfTypes","decl":{"start":{"line":97,"column":20},"end":{"line":97,"column":34}},"loc":{"start":{"line":97,"column":49},"end":{"line":101,"column":5}},"line":97},"18":{"name":"(anonymous_18)","decl":{"start":{"line":98,"column":39},"end":{"line":98,"column":40}},"loc":{"start":{"line":98,"column":54},"end":{"line":100,"column":7}},"line":98}},"branchMap":{"0":{"loc":{"start":{"line":7,"column":14},"end":{"line":7,"column":268}},"type":"cond-expr","locations":[{"start":{"line":7,"column":84},"end":{"line":7,"column":121}},{"start":{"line":7,"column":124},"end":{"line":7,"column":268}}],"line":7},"1":{"loc":{"start":{"line":7,"column":14},"end":{"line":7,"column":81}},"type":"binary-expr","locations":[{"start":{"line":7,"column":14},"end":{"line":7,"column":42}},{"start":{"line":7,"column":46},"end":{"line":7,"column":81}}],"line":7},"2":{"loc":{"start":{"line":7,"column":148},"end":{"line":7,"column":265}},"type":"cond-expr","locations":[{"start":{"line":7,"column":244},"end":{"line":7,"column":252}},{"start":{"line":7,"column":255},"end":{"line":7,"column":265}}],"line":7},"3":{"loc":{"start":{"line":7,"column":148},"end":{"line":7,"column":241}},"type":"binary-expr","locations":[{"start":{"line":7,"column":148},"end":{"line":7,"column":151}},{"start":{"line":7,"column":155},"end":{"line":7,"column":183}},{"start":{"line":7,"column":187},"end":{"line":7,"column":213}},{"start":{"line":7,"column":217},"end":{"line":7,"column":241}}],"line":7},"4":{"loc":{"start":{"line":9,"column":168},"end":{"line":9,"column":198}},"type":"binary-expr","locations":[{"start":{"line":9,"column":168},"end":{"line":9,"column":189}},{"start":{"line":9,"column":193},"end":{"line":9,"column":198}}],"line":9},"5":{"loc":{"start":{"line":9,"column":232},"end":{"line":9,"column":286}},"type":"if","locations":[{"start":{"line":9,"column":232},"end":{"line":9,"column":286}},{"start":{"line":9,"column":232},"end":{"line":9,"column":286}}],"line":9},"6":{"loc":{"start":{"line":9,"column":407},"end":{"line":9,"column":475}},"type":"if","locations":[{"start":{"line":9,"column":407},"end":{"line":9,"column":475}},{"start":{"line":9,"column":407},"end":{"line":9,"column":475}}],"line":9},"7":{"loc":{"start":{"line":9,"column":476},"end":{"line":9,"column":536}},"type":"if","locations":[{"start":{"line":9,"column":476},"end":{"line":9,"column":536}},{"start":{"line":9,"column":476},"end":{"line":9,"column":536}}],"line":9},"8":{"loc":{"start":{"line":11,"column":50},"end":{"line":11,"column":151}},"type":"if","locations":[{"start":{"line":11,"column":50},"end":{"line":11,"column":151}},{"start":{"line":11,"column":50},"end":{"line":11,"column":151}}],"line":11},"9":{"loc":{"start":{"line":48,"column":14},"end":{"line":48,"column":69}},"type":"cond-expr","locations":[{"start":{"line":48,"column":43},"end":{"line":48,"column":54}},{"start":{"line":48,"column":57},"end":{"line":48,"column":69}}],"line":48},"10":{"loc":{"start":{"line":66,"column":8},"end":{"line":68,"column":9}},"type":"if","locations":[{"start":{"line":66,"column":8},"end":{"line":68,"column":9}},{"start":{"line":66,"column":8},"end":{"line":68,"column":9}}],"line":66},"11":{"loc":{"start":{"line":84,"column":15},"end":{"line":84,"column":69}},"type":"binary-expr","locations":[{"start":{"line":84,"column":15},"end":{"line":84,"column":33}},{"start":{"line":84,"column":37},"end":{"line":84,"column":69}}],"line":84}},"s":{"0":1,"1":1,"2":3,"3":0,"4":1,"5":1,"6":1,"7":5,"8":5,"9":5,"10":5,"11":5,"12":5,"13":1,"14":1,"15":0,"16":1,"17":1,"18":1,"19":0,"20":0,"21":1,"22":0,"23":1,"24":1,"25":3,"26":6,"27":0,"28":0,"29":0,"30":0,"31":0,"32":0,"33":0,"34":0,"35":0,"36":0,"37":1,"38":3,"39":1},"f":{"0":3,"1":0,"2":1,"3":1,"4":1,"5":0,"6":1,"7":0,"8":1,"9":3,"10":6,"11":0,"12":0,"13":0,"14":0,"15":0,"16":0,"17":1,"18":3},"b":{"0":[1,0],"1":[1,1],"2":[0,0],"3":[0,0,0,0],"4":[5,5],"5":[5,0],"6":[0,1],"7":[1,0],"8":[0,0],"9":[0,0],"10":[0,0],"11":[0,0]},"_coverageSchema":"43e27e138ebf9cfc5966b082cf9a028302ed4184","hash":"d117240801358b5a75355c038bb8c58ca7d041c0","contentHash":"ba7e00c943efa3ece5df0ed88ba3c257571991ceb02cd9727a51a14cfa2e34aa"},"C:\\Code-Projects\\Gallerium\\src\\Server\\helpers\\encryptions.js":{"path":"C:\\Code-Projects\\Gallerium\\src\\Server\\helpers\\encryptions.js","statementMap":{"0":{"start":{"line":3,"column":0},"end":{"line":5,"column":3}},"1":{"start":{"line":6,"column":0},"end":{"line":6,"column":32}},"2":{"start":{"line":8,"column":19},"end":{"line":8,"column":563}},"3":{"start":{"line":8,"column":76},"end":{"line":8,"column":347}},"4":{"start":{"line":8,"column":89},"end":{"line":8,"column":90}},"5":{"start":{"line":8,"column":134},"end":{"line":8,"column":142}},"6":{"start":{"line":8,"column":144},"end":{"line":8,"column":199}},"7":{"start":{"line":8,"column":200},"end":{"line":8,"column":231}},"8":{"start":{"line":8,"column":232},"end":{"line":8,"column":286}},"9":{"start":{"line":8,"column":259},"end":{"line":8,"column":286}},"10":{"start":{"line":8,"column":287},"end":{"line":8,"column":345}},"11":{"start":{"line":8,"column":350},"end":{"line":8,"column":559}},"12":{"start":{"line":8,"column":407},"end":{"line":8,"column":475}},"13":{"start":{"line":8,"column":423},"end":{"line":8,"column":475}},"14":{"start":{"line":8,"column":476},"end":{"line":8,"column":536}},"15":{"start":{"line":8,"column":493},"end":{"line":8,"column":536}},"16":{"start":{"line":8,"column":537},"end":{"line":8,"column":556}},"17":{"start":{"line":10,"column":16},"end":{"line":10,"column":35}},"18":{"start":{"line":12,"column":17},"end":{"line":12,"column":50}},"19":{"start":{"line":14,"column":20},"end":{"line":14,"column":43}},"20":{"start":{"line":16,"column":21},"end":{"line":16,"column":58}},"21":{"start":{"line":18,"column":11},"end":{"line":18,"column":28}},"22":{"start":{"line":20,"column":12},"end":{"line":20,"column":40}},"23":{"start":{"line":22,"column":39},"end":{"line":22,"column":93}},"24":{"start":{"line":24,"column":50},"end":{"line":24,"column":151}},"25":{"start":{"line":24,"column":92},"end":{"line":24,"column":149}},"26":{"start":{"line":29,"column":18},"end":{"line":63,"column":3}},"27":{"start":{"line":31,"column":4},"end":{"line":31,"column":39}},"28":{"start":{"line":34,"column":2},"end":{"line":60,"column":6}},"29":{"start":{"line":44,"column":6},"end":{"line":44,"column":55}},"30":{"start":{"line":56,"column":6},"end":{"line":58,"column":9}},"31":{"start":{"line":62,"column":2},"end":{"line":62,"column":21}}},"fnMap":{"0":{"name":"(anonymous_0)","decl":{"start":{"line":8,"column":19},"end":{"line":8,"column":20}},"loc":{"start":{"line":8,"column":31},"end":{"line":8,"column":561}},"line":8},"1":{"name":"defineProperties","decl":{"start":{"line":8,"column":42},"end":{"line":8,"column":58}},"loc":{"start":{"line":8,"column":74},"end":{"line":8,"column":349}},"line":8},"2":{"name":"(anonymous_2)","decl":{"start":{"line":8,"column":357},"end":{"line":8,"column":358}},"loc":{"start":{"line":8,"column":405},"end":{"line":8,"column":558}},"line":8},"3":{"name":"_interopRequireDefault","decl":{"start":{"line":22,"column":9},"end":{"line":22,"column":31}},"loc":{"start":{"line":22,"column":37},"end":{"line":22,"column":95}},"line":22},"4":{"name":"_classCallCheck","decl":{"start":{"line":24,"column":9},"end":{"line":24,"column":24}},"loc":{"start":{"line":24,"column":48},"end":{"line":24,"column":153}},"line":24},"5":{"name":"(anonymous_5)","decl":{"start":{"line":29,"column":40},"end":{"line":29,"column":41}},"loc":{"start":{"line":29,"column":52},"end":{"line":63,"column":1}},"line":29},"6":{"name":"Encryptions","decl":{"start":{"line":30,"column":11},"end":{"line":30,"column":22}},"loc":{"start":{"line":30,"column":25},"end":{"line":32,"column":3}},"line":30},"7":{"name":"compare","decl":{"start":{"line":43,"column":20},"end":{"line":43,"column":27}},"loc":{"start":{"line":43,"column":39},"end":{"line":45,"column":5}},"line":43},"8":{"name":"tokenize","decl":{"start":{"line":55,"column":20},"end":{"line":55,"column":28}},"loc":{"start":{"line":55,"column":38},"end":{"line":59,"column":5}},"line":55}},"branchMap":{"0":{"loc":{"start":{"line":8,"column":168},"end":{"line":8,"column":198}},"type":"binary-expr","locations":[{"start":{"line":8,"column":168},"end":{"line":8,"column":189}},{"start":{"line":8,"column":193},"end":{"line":8,"column":198}}],"line":8},"1":{"loc":{"start":{"line":8,"column":232},"end":{"line":8,"column":286}},"type":"if","locations":[{"start":{"line":8,"column":232},"end":{"line":8,"column":286}},{"start":{"line":8,"column":232},"end":{"line":8,"column":286}}],"line":8},"2":{"loc":{"start":{"line":8,"column":407},"end":{"line":8,"column":475}},"type":"if","locations":[{"start":{"line":8,"column":407},"end":{"line":8,"column":475}},{"start":{"line":8,"column":407},"end":{"line":8,"column":475}}],"line":8},"3":{"loc":{"start":{"line":8,"column":476},"end":{"line":8,"column":536}},"type":"if","locations":[{"start":{"line":8,"column":476},"end":{"line":8,"column":536}},{"start":{"line":8,"column":476},"end":{"line":8,"column":536}}],"line":8},"4":{"loc":{"start":{"line":22,"column":46},"end":{"line":22,"column":92}},"type":"cond-expr","locations":[{"start":{"line":22,"column":70},"end":{"line":22,"column":73}},{"start":{"line":22,"column":76},"end":{"line":22,"column":92}}],"line":22},"5":{"loc":{"start":{"line":22,"column":46},"end":{"line":22,"column":67}},"type":"binary-expr","locations":[{"start":{"line":22,"column":46},"end":{"line":22,"column":49}},{"start":{"line":22,"column":53},"end":{"line":22,"column":67}}],"line":22},"6":{"loc":{"start":{"line":24,"column":50},"end":{"line":24,"column":151}},"type":"if","locations":[{"start":{"line":24,"column":50},"end":{"line":24,"column":151}},{"start":{"line":24,"column":50},"end":{"line":24,"column":151}}],"line":24}},"s":{"0":1,"1":1,"2":1,"3":1,"4":1,"5":2,"6":2,"7":2,"8":2,"9":2,"10":2,"11":1,"12":1,"13":0,"14":1,"15":1,"16":1,"17":1,"18":1,"19":1,"20":1,"21":1,"22":1,"23":3,"24":0,"25":0,"26":1,"27":0,"28":1,"29":2,"30":3,"31":1},"f":{"0":1,"1":1,"2":1,"3":3,"4":0,"5":1,"6":0,"7":2,"8":3},"b":{"0":[2,2],"1":[2,0],"2":[0,1],"3":[1,0],"4":[1,2],"5":[3,3],"6":[0,0]},"_coverageSchema":"43e27e138ebf9cfc5966b082cf9a028302ed4184","hash":"9f98ade021a065ca5c00a9ab4d3ade7fb8a1a3d1","contentHash":"5ca7330c9cee2c85f4bed9830a8ec416b09247a3e1c8177fea3ab0deb5865efd"},"C:\\Code-Projects\\Gallerium\\src\\Server\\db\\index.js":{"path":"C:\\Code-Projects\\Gallerium\\src\\Server\\db\\index.js","statementMap":{"0":{"start":{"line":3,"column":0},"end":{"line":5,"column":3}},"1":{"start":{"line":7,"column":14},"end":{"line":7,"column":33}},"2":{"start":{"line":9,"column":15},"end":{"line":9,"column":46}},"3":{"start":{"line":11,"column":39},"end":{"line":11,"column":93}},"4":{"start":{"line":13,"column":9},"end":{"line":15,"column":1}},"5":{"start":{"line":17,"column":0},"end":{"line":17,"column":21}}},"fnMap":{"0":{"name":"_interopRequireDefault","decl":{"start":{"line":11,"column":9},"end":{"line":11,"column":31}},"loc":{"start":{"line":11,"column":37},"end":{"line":11,"column":95}},"line":11}},"branchMap":{"0":{"loc":{"start":{"line":11,"column":46},"end":{"line":11,"column":92}},"type":"cond-expr","locations":[{"start":{"line":11,"column":70},"end":{"line":11,"column":73}},{"start":{"line":11,"column":76},"end":{"line":11,"column":92}}],"line":11},"1":{"loc":{"start":{"line":11,"column":46},"end":{"line":11,"column":67}},"type":"binary-expr","locations":[{"start":{"line":11,"column":46},"end":{"line":11,"column":49}},{"start":{"line":11,"column":53},"end":{"line":11,"column":67}}],"line":11}},"s":{"0":1,"1":1,"2":1,"3":1,"4":1,"5":1},"f":{"0":1},"b":{"0":[1,0],"1":[1,1]},"_coverageSchema":"43e27e138ebf9cfc5966b082cf9a028302ed4184","hash":"3468d38a7897e8113c3c752920ca03fae8d5c5ad","contentHash":"c99b3ab1bd050fcb03de474e9ed4002670bc94a2a3305266803837bb4fd540e8"},"C:\\Code-Projects\\Gallerium\\src\\Server\\db\\models\\index.js":{"path":"C:\\Code-Projects\\Gallerium\\src\\Server\\db\\models\\index.js","statementMap":{"0":{"start":{"line":3,"column":0},"end":{"line":5,"column":3}},"1":{"start":{"line":7,"column":12},"end":{"line":7,"column":29}},"2":{"start":{"line":9,"column":13},"end":{"line":9,"column":42}},"3":{"start":{"line":11,"column":15},"end":{"line":11,"column":35}},"4":{"start":{"line":13,"column":16},"end":{"line":13,"column":48}},"5":{"start":{"line":15,"column":12},"end":{"line":15,"column":29}},"6":{"start":{"line":17,"column":13},"end":{"line":17,"column":42}},"7":{"start":{"line":19,"column":17},"end":{"line":19,"column":39}},"8":{"start":{"line":21,"column":18},"end":{"line":21,"column":52}},"9":{"start":{"line":23,"column":20},"end":{"line":23,"column":45}},"10":{"start":{"line":25,"column":21},"end":{"line":25,"column":58}},"11":{"start":{"line":27,"column":39},"end":{"line":27,"column":93}},"12":{"start":{"line":29,"column":13},"end":{"line":35,"column":1}},"13":{"start":{"line":37,"column":0},"end":{"line":37,"column":25}}},"fnMap":{"0":{"name":"_interopRequireDefault","decl":{"start":{"line":27,"column":9},"end":{"line":27,"column":31}},"loc":{"start":{"line":27,"column":37},"end":{"line":27,"column":95}},"line":27}},"branchMap":{"0":{"loc":{"start":{"line":27,"column":46},"end":{"line":27,"column":92}},"type":"cond-expr","locations":[{"start":{"line":27,"column":70},"end":{"line":27,"column":73}},{"start":{"line":27,"column":76},"end":{"line":27,"column":92}}],"line":27},"1":{"loc":{"start":{"line":27,"column":46},"end":{"line":27,"column":67}},"type":"binary-expr","locations":[{"start":{"line":27,"column":46},"end":{"line":27,"column":49}},{"start":{"line":27,"column":53},"end":{"line":27,"column":67}}],"line":27}},"s":{"0":1,"1":1,"2":1,"3":1,"4":1,"5":1,"6":1,"7":1,"8":1,"9":1,"10":1,"11":5,"12":1,"13":1},"f":{"0":5},"b":{"0":[5,0],"1":[5,5]},"_coverageSchema":"43e27e138ebf9cfc5966b082cf9a028302ed4184","hash":"86bd87792d36ec0b976054292e638d93efda1bc5","contentHash":"939c61c4b45fec73c1bbfcd3b51b5947c1c4dc7d9ed8bad9e51cc1372b659b82"},"C:\\Code-Projects\\Gallerium\\src\\Server\\db\\models\\user.js":{"path":"C:\\Code-Projects\\Gallerium\\src\\Server\\db\\models\\user.js","statementMap":{"0":{"start":{"line":3,"column":0},"end":{"line":5,"column":3}},"1":{"start":{"line":7,"column":16},"end":{"line":7,"column":35}},"2":{"start":{"line":9,"column":17},"end":{"line":9,"column":50}},"3":{"start":{"line":11,"column":16},"end":{"line":11,"column":35}},"4":{"start":{"line":13,"column":17},"end":{"line":13,"column":50}},"5":{"start":{"line":15,"column":39},"end":{"line":15,"column":93}},"6":{"start":{"line":17,"column":17},"end":{"line":41,"column":2}},"7":{"start":{"line":43,"column":0},"end":{"line":51,"column":3}},"8":{"start":{"line":45,"column":13},"end":{"line":45,"column":17}},"9":{"start":{"line":46,"column":2},"end":{"line":50,"column":3}},"10":{"start":{"line":47,"column":15},"end":{"line":47,"column":49}},"11":{"start":{"line":48,"column":4},"end":{"line":48,"column":69}},"12":{"start":{"line":49,"column":4},"end":{"line":49,"column":11}},"13":{"start":{"line":53,"column":11},"end":{"line":53,"column":55}},"14":{"start":{"line":55,"column":0},"end":{"line":59,"column":2}},"15":{"start":{"line":56,"column":2},"end":{"line":58,"column":5}},"16":{"start":{"line":61,"column":0},"end":{"line":65,"column":2}},"17":{"start":{"line":62,"column":2},"end":{"line":64,"column":5}},"18":{"start":{"line":67,"column":0},"end":{"line":67,"column":23}}},"fnMap":{"0":{"name":"_interopRequireDefault","decl":{"start":{"line":15,"column":9},"end":{"line":15,"column":31}},"loc":{"start":{"line":15,"column":37},"end":{"line":15,"column":95}},"line":15},"1":{"name":"(anonymous_1)","decl":{"start":{"line":43,"column":23},"end":{"line":43,"column":24}},"loc":{"start":{"line":43,"column":39},"end":{"line":51,"column":1}},"line":43},"2":{"name":"(anonymous_2)","decl":{"start":{"line":55,"column":22},"end":{"line":55,"column":23}},"loc":{"start":{"line":55,"column":42},"end":{"line":59,"column":1}},"line":55},"3":{"name":"(anonymous_3)","decl":{"start":{"line":61,"column":25},"end":{"line":61,"column":26}},"loc":{"start":{"line":61,"column":49},"end":{"line":65,"column":1}},"line":61}},"branchMap":{"0":{"loc":{"start":{"line":15,"column":46},"end":{"line":15,"column":92}},"type":"cond-expr","locations":[{"start":{"line":15,"column":70},"end":{"line":15,"column":73}},{"start":{"line":15,"column":76},"end":{"line":15,"column":92}}],"line":15},"1":{"loc":{"start":{"line":15,"column":46},"end":{"line":15,"column":67}},"type":"binary-expr","locations":[{"start":{"line":15,"column":46},"end":{"line":15,"column":49}},{"start":{"line":15,"column":53},"end":{"line":15,"column":67}}],"line":15},"2":{"loc":{"start":{"line":46,"column":2},"end":{"line":50,"column":3}},"type":"if","locations":[{"start":{"line":46,"column":2},"end":{"line":50,"column":3}},{"start":{"line":46,"column":2},"end":{"line":50,"column":3}}],"line":46}},"s":{"0":1,"1":1,"2":1,"3":1,"4":1,"5":2,"6":1,"7":1,"8":2,"9":2,"10":2,"11":2,"12":2,"13":1,"14":1,"15":2,"16":1,"17":0,"18":1},"f":{"0":2,"1":2,"2":2,"3":0},"b":{"0":[0,2],"1":[2,2],"2":[2,0]},"_coverageSchema":"43e27e138ebf9cfc5966b082cf9a028302ed4184","hash":"f0f8bacea42710c75e828dc1e27420fb42ba9767","contentHash":"0bc8eedf58fa7a1468c70df8d232fc221a615a5bd028f134fdbfefd607fd1906"},"C:\\Code-Projects\\Gallerium\\src\\Server\\db\\models\\profile.js":{"path":"C:\\Code-Projects\\Gallerium\\src\\Server\\db\\models\\profile.js","statementMap":{"0":{"start":{"line":3,"column":0},"end":{"line":5,"column":3}},"1":{"start":{"line":7,"column":16},"end":{"line":7,"column":35}},"2":{"start":{"line":9,"column":17},"end":{"line":9,"column":50}},"3":{"start":{"line":11,"column":39},"end":{"line":11,"column":93}},"4":{"start":{"line":13,"column":20},"end":{"line":29,"column":2}},"5":{"start":{"line":31,"column":14},"end":{"line":31,"column":64}},"6":{"start":{"line":33,"column":0},"end":{"line":40,"column":2}},"7":{"start":{"line":34,"column":2},"end":{"line":39,"column":5}},"8":{"start":{"line":42,"column":0},"end":{"line":42,"column":26}}},"fnMap":{"0":{"name":"_interopRequireDefault","decl":{"start":{"line":11,"column":9},"end":{"line":11,"column":31}},"loc":{"start":{"line":11,"column":37},"end":{"line":11,"column":95}},"line":11},"1":{"name":"(anonymous_1)","decl":{"start":{"line":33,"column":24},"end":{"line":33,"column":25}},"loc":{"start":{"line":33,"column":49},"end":{"line":40,"column":1}},"line":33}},"branchMap":{"0":{"loc":{"start":{"line":11,"column":46},"end":{"line":11,"column":92}},"type":"cond-expr","locations":[{"start":{"line":11,"column":70},"end":{"line":11,"column":73}},{"start":{"line":11,"column":76},"end":{"line":11,"column":92}}],"line":11},"1":{"loc":{"start":{"line":11,"column":46},"end":{"line":11,"column":67}},"type":"binary-expr","locations":[{"start":{"line":11,"column":46},"end":{"line":11,"column":49}},{"start":{"line":11,"column":53},"end":{"line":11,"column":67}}],"line":11}},"s":{"0":1,"1":1,"2":1,"3":1,"4":1,"5":1,"6":1,"7":0,"8":1},"f":{"0":1,"1":0},"b":{"0":[0,1],"1":[1,1]},"_coverageSchema":"43e27e138ebf9cfc5966b082cf9a028302ed4184","hash":"71c1d42f505933f6022331cf0ebd81dbbbed7871","contentHash":"a76281c9eeb76536192eb44ab83828c8e98ced12e1e94f15744d4e6c40e118c0"},"C:\\Code-Projects\\Gallerium\\src\\Server\\db\\models\\file.js":{"path":"C:\\Code-Projects\\Gallerium\\src\\Server\\db\\models\\file.js","statementMap":{"0":{"start":{"line":3,"column":0},"end":{"line":5,"column":3}},"1":{"start":{"line":7,"column":16},"end":{"line":7,"column":35}},"2":{"start":{"line":9,"column":17},"end":{"line":9,"column":50}},"3":{"start":{"line":11,"column":39},"end":{"line":11,"column":93}},"4":{"start":{"line":13,"column":17},"end":{"line":29,"column":2}},"5":{"start":{"line":31,"column":15},"end":{"line":31,"column":59}},"6":{"start":{"line":33,"column":0},"end":{"line":33,"column":27}}},"fnMap":{"0":{"name":"_interopRequireDefault","decl":{"start":{"line":11,"column":9},"end":{"line":11,"column":31}},"loc":{"start":{"line":11,"column":37},"end":{"line":11,"column":95}},"line":11}},"branchMap":{"0":{"loc":{"start":{"line":11,"column":46},"end":{"line":11,"column":92}},"type":"cond-expr","locations":[{"start":{"line":11,"column":70},"end":{"line":11,"column":73}},{"start":{"line":11,"column":76},"end":{"line":11,"column":92}}],"line":11},"1":{"loc":{"start":{"line":11,"column":46},"end":{"line":11,"column":67}},"type":"binary-expr","locations":[{"start":{"line":11,"column":46},"end":{"line":11,"column":49}},{"start":{"line":11,"column":53},"end":{"line":11,"column":67}}],"line":11}},"s":{"0":1,"1":1,"2":1,"3":1,"4":1,"5":1,"6":1},"f":{"0":1},"b":{"0":[0,1],"1":[1,1]},"_coverageSchema":"43e27e138ebf9cfc5966b082cf9a028302ed4184","hash":"8916727492e4e6623456d8c1756866e9c52954a0","contentHash":"cce5d8eb3fc215b8a3261f66afe3b9b6fa30e7ec6b4c6425e6771b2373de0b30"},"C:\\Code-Projects\\Gallerium\\src\\Server\\db\\models\\blacklist.js":{"path":"C:\\Code-Projects\\Gallerium\\src\\Server\\db\\models\\blacklist.js","statementMap":{"0":{"start":{"line":3,"column":0},"end":{"line":5,"column":3}},"1":{"start":{"line":7,"column":16},"end":{"line":7,"column":35}},"2":{"start":{"line":9,"column":17},"end":{"line":9,"column":50}},"3":{"start":{"line":11,"column":39},"end":{"line":11,"column":93}},"4":{"start":{"line":13,"column":22},"end":{"line":20,"column":2}},"5":{"start":{"line":22,"column":16},"end":{"line":22,"column":70}},"6":{"start":{"line":24,"column":0},"end":{"line":28,"column":2}},"7":{"start":{"line":25,"column":2},"end":{"line":27,"column":5}},"8":{"start":{"line":30,"column":0},"end":{"line":30,"column":28}}},"fnMap":{"0":{"name":"_interopRequireDefault","decl":{"start":{"line":11,"column":9},"end":{"line":11,"column":31}},"loc":{"start":{"line":11,"column":37},"end":{"line":11,"column":95}},"line":11},"1":{"name":"(anonymous_1)","decl":{"start":{"line":24,"column":24},"end":{"line":24,"column":25}},"loc":{"start":{"line":24,"column":41},"end":{"line":28,"column":1}},"line":24}},"branchMap":{"0":{"loc":{"start":{"line":11,"column":46},"end":{"line":11,"column":92}},"type":"cond-expr","locations":[{"start":{"line":11,"column":70},"end":{"line":11,"column":73}},{"start":{"line":11,"column":76},"end":{"line":11,"column":92}}],"line":11},"1":{"loc":{"start":{"line":11,"column":46},"end":{"line":11,"column":67}},"type":"binary-expr","locations":[{"start":{"line":11,"column":46},"end":{"line":11,"column":49}},{"start":{"line":11,"column":53},"end":{"line":11,"column":67}}],"line":11}},"s":{"0":1,"1":1,"2":1,"3":1,"4":1,"5":1,"6":1,"7":2,"8":1},"f":{"0":1,"1":2},"b":{"0":[0,1],"1":[1,1]},"_coverageSchema":"43e27e138ebf9cfc5966b082cf9a028302ed4184","hash":"92f0c65854b47a0116b66acd250c6a4912452089","contentHash":"c7a9df438952248593c26ac58de88e4562f8ac16dde57785ced7d617e9f73e8e"},"C:\\Code-Projects\\Gallerium\\src\\Server\\db\\models\\subscription.js":{"path":"C:\\Code-Projects\\Gallerium\\src\\Server\\db\\models\\subscription.js","statementMap":{"0":{"start":{"line":3,"column":0},"end":{"line":5,"column":3}},"1":{"start":{"line":7,"column":16},"end":{"line":7,"column":35}},"2":{"start":{"line":9,"column":17},"end":{"line":9,"column":50}},"3":{"start":{"line":11,"column":39},"end":{"line":11,"column":93}},"4":{"start":{"line":13,"column":25},"end":{"line":31,"column":2}},"5":{"start":{"line":33,"column":19},"end":{"line":33,"column":79}},"6":{"start":{"line":35,"column":0},"end":{"line":39,"column":2}},"7":{"start":{"line":36,"column":2},"end":{"line":38,"column":9}},"8":{"start":{"line":41,"column":0},"end":{"line":41,"column":31}}},"fnMap":{"0":{"name":"_interopRequireDefault","decl":{"start":{"line":11,"column":9},"end":{"line":11,"column":31}},"loc":{"start":{"line":11,"column":37},"end":{"line":11,"column":95}},"line":11},"1":{"name":"(anonymous_1)","decl":{"start":{"line":35,"column":32},"end":{"line":35,"column":33}},"loc":{"start":{"line":35,"column":58},"end":{"line":39,"column":1}},"line":35}},"branchMap":{"0":{"loc":{"start":{"line":11,"column":46},"end":{"line":11,"column":92}},"type":"cond-expr","locations":[{"start":{"line":11,"column":70},"end":{"line":11,"column":73}},{"start":{"line":11,"column":76},"end":{"line":11,"column":92}}],"line":11},"1":{"loc":{"start":{"line":11,"column":46},"end":{"line":11,"column":67}},"type":"binary-expr","locations":[{"start":{"line":11,"column":46},"end":{"line":11,"column":49}},{"start":{"line":11,"column":53},"end":{"line":11,"column":67}}],"line":11}},"s":{"0":1,"1":1,"2":1,"3":1,"4":1,"5":1,"6":1,"7":0,"8":1},"f":{"0":1,"1":0},"b":{"0":[0,1],"1":[1,1]},"_coverageSchema":"43e27e138ebf9cfc5966b082cf9a028302ed4184","hash":"ac3494246786e6436765fea35236d78e8b8a9a54","contentHash":"12b447095312c67999703dc7585e7609b7941190d3179a460bc730104de6dbd0"},"C:\\Code-Projects\\Gallerium\\src\\Server\\middlewares\\cors.js":{"path":"C:\\Code-Projects\\Gallerium\\src\\Server\\middlewares\\cors.js","statementMap":{"0":{"start":{"line":3,"column":0},"end":{"line":5,"column":3}},"1":{"start":{"line":6,"column":11},"end":{"line":11,"column":1}},"2":{"start":{"line":7,"column":2},"end":{"line":7,"column":49}},"3":{"start":{"line":8,"column":2},"end":{"line":8,"column":76}},"4":{"start":{"line":9,"column":2},"end":{"line":9,"column":80}},"5":{"start":{"line":10,"column":2},"end":{"line":10,"column":9}}},"fnMap":{"0":{"name":"cors","decl":{"start":{"line":6,"column":35},"end":{"line":6,"column":39}},"loc":{"start":{"line":6,"column":56},"end":{"line":11,"column":1}},"line":6}},"branchMap":{},"s":{"0":1,"1":1,"2":5,"3":5,"4":5,"5":5},"f":{"0":5},"b":{},"_coverageSchema":"43e27e138ebf9cfc5966b082cf9a028302ed4184","hash":"14431d7acf4406d4a34a837557ac19869edb96f2","contentHash":"6c780c9702682c5a4332c608ecf8f5420086f45123e538c9b1847939cca5acbf"},"C:\\Code-Projects\\Gallerium\\src\\Server\\routes\\index.js":{"path":"C:\\Code-Projects\\Gallerium\\src\\Server\\routes\\index.js","statementMap":{"0":{"start":{"line":3,"column":0},"end":{"line":5,"column":3}},"1":{"start":{"line":7,"column":15},"end":{"line":7,"column":33}},"2":{"start":{"line":9,"column":12},"end":{"line":9,"column":29}},"3":{"start":{"line":11,"column":13},"end":{"line":11,"column":42}},"4":{"start":{"line":13,"column":15},"end":{"line":13,"column":35}},"5":{"start":{"line":15,"column":16},"end":{"line":15,"column":48}},"6":{"start":{"line":17,"column":39},"end":{"line":17,"column":93}},"7":{"start":{"line":19,"column":13},"end":{"line":19,"column":35}},"8":{"start":{"line":21,"column":0},"end":{"line":26,"column":3}},"9":{"start":{"line":22,"column":2},"end":{"line":25,"column":5}},"10":{"start":{"line":28,"column":0},"end":{"line":28,"column":32}},"11":{"start":{"line":29,"column":0},"end":{"line":29,"column":35}},"12":{"start":{"line":31,"column":0},"end":{"line":31,"column":25}}},"fnMap":{"0":{"name":"_interopRequireDefault","decl":{"start":{"line":17,"column":9},"end":{"line":17,"column":31}},"loc":{"start":{"line":17,"column":37},"end":{"line":17,"column":95}},"line":17},"1":{"name":"(anonymous_1)","decl":{"start":{"line":21,"column":16},"end":{"line":21,"column":17}},"loc":{"start":{"line":21,"column":36},"end":{"line":26,"column":1}},"line":21}},"branchMap":{"0":{"loc":{"start":{"line":17,"column":46},"end":{"line":17,"column":92}},"type":"cond-expr","locations":[{"start":{"line":17,"column":70},"end":{"line":17,"column":73}},{"start":{"line":17,"column":76},"end":{"line":17,"column":92}}],"line":17},"1":{"loc":{"start":{"line":17,"column":46},"end":{"line":17,"column":67}},"type":"binary-expr","locations":[{"start":{"line":17,"column":46},"end":{"line":17,"column":49}},{"start":{"line":17,"column":53},"end":{"line":17,"column":67}}],"line":17}},"s":{"0":1,"1":1,"2":1,"3":1,"4":1,"5":1,"6":2,"7":1,"8":1,"9":0,"10":1,"11":1,"12":1},"f":{"0":2,"1":0},"b":{"0":[2,0],"1":[2,2]},"_coverageSchema":"43e27e138ebf9cfc5966b082cf9a028302ed4184","hash":"52ea8ed3838dcbeaa23cc2767269cb9a46902427","contentHash":"fa94e49b4408d093bbed8e9b41f39547086be835de94795ae28c955bb01670ef"},"C:\\Code-Projects\\Gallerium\\src\\Server\\routes\\user.js":{"path":"C:\\Code-Projects\\Gallerium\\src\\Server\\routes\\user.js","statementMap":{"0":{"start":{"line":3,"column":0},"end":{"line":5,"column":3}},"1":{"start":{"line":7,"column":15},"end":{"line":7,"column":33}},"2":{"start":{"line":9,"column":19},"end":{"line":9,"column":44}},"3":{"start":{"line":11,"column":19},"end":{"line":11,"column":44}},"4":{"start":{"line":13,"column":13},"end":{"line":13,"column":35}},"5":{"start":{"line":15,"column":0},"end":{"line":15,"column":95}},"6":{"start":{"line":17,"column":0},"end":{"line":17,"column":83}},"7":{"start":{"line":19,"column":0},"end":{"line":19,"column":83}},"8":{"start":{"line":21,"column":0},"end":{"line":21,"column":93}},"9":{"start":{"line":23,"column":0},"end":{"line":23,"column":94}},"10":{"start":{"line":25,"column":0},"end":{"line":25,"column":25}}},"fnMap":{},"branchMap":{},"s":{"0":1,"1":1,"2":1,"3":1,"4":1,"5":1,"6":1,"7":1,"8":1,"9":1,"10":1},"f":{},"b":{},"_coverageSchema":"43e27e138ebf9cfc5966b082cf9a028302ed4184","hash":"c4872502d7ae564b8f9097037450b40ac27901bc","contentHash":"18fd3d7b1cc7e844b0ad4ffee131593c9c58624c11d6acf5338298301d2e72d6"},"C:\\Code-Projects\\Gallerium\\src\\Server\\controllers\\index.js":{"path":"C:\\Code-Projects\\Gallerium\\src\\Server\\controllers\\index.js","statementMap":{"0":{"start":{"line":3,"column":0},"end":{"line":5,"column":3}},"1":{"start":{"line":6,"column":0},"end":{"line":6,"column":63}},"2":{"start":{"line":8,"column":12},"end":{"line":8,"column":29}},"3":{"start":{"line":10,"column":13},"end":{"line":10,"column":42}},"4":{"start":{"line":12,"column":15},"end":{"line":12,"column":35}},"5":{"start":{"line":14,"column":16},"end":{"line":14,"column":48}},"6":{"start":{"line":16,"column":39},"end":{"line":16,"column":93}},"7":{"start":{"line":18,"column":0},"end":{"line":18,"column":40}},"8":{"start":{"line":19,"column":0},"end":{"line":19,"column":46}}},"fnMap":{"0":{"name":"_interopRequireDefault","decl":{"start":{"line":16,"column":9},"end":{"line":16,"column":31}},"loc":{"start":{"line":16,"column":37},"end":{"line":16,"column":95}},"line":16}},"branchMap":{"0":{"loc":{"start":{"line":16,"column":46},"end":{"line":16,"column":92}},"type":"cond-expr","locations":[{"start":{"line":16,"column":70},"end":{"line":16,"column":73}},{"start":{"line":16,"column":76},"end":{"line":16,"column":92}}],"line":16},"1":{"loc":{"start":{"line":16,"column":46},"end":{"line":16,"column":67}},"type":"binary-expr","locations":[{"start":{"line":16,"column":46},"end":{"line":16,"column":49}},{"start":{"line":16,"column":53},"end":{"line":16,"column":67}}],"line":16}},"s":{"0":1,"1":1,"2":1,"3":1,"4":1,"5":1,"6":2,"7":1,"8":1},"f":{"0":2},"b":{"0":[2,0],"1":[2,2]},"_coverageSchema":"43e27e138ebf9cfc5966b082cf9a028302ed4184","hash":"fdd2555ba574630950bc7fd5c68910ab2f7c9956","contentHash":"7be79569e24dba6312908f1e3d3d8728f4b696cd8b15fbd210fcc1b0514e4462"},"C:\\Code-Projects\\Gallerium\\src\\Server\\controllers\\user.js":{"path":"C:\\Code-Projects\\Gallerium\\src\\Server\\controllers\\user.js","statementMap":{"0":{"start":{"line":3,"column":0},"end":{"line":5,"column":3}},"1":{"start":{"line":7,"column":19},"end":{"line":7,"column":563}},"2":{"start":{"line":7,"column":76},"end":{"line":7,"column":347}},"3":{"start":{"line":7,"column":89},"end":{"line":7,"column":90}},"4":{"start":{"line":7,"column":134},"end":{"line":7,"column":142}},"5":{"start":{"line":7,"column":144},"end":{"line":7,"column":199}},"6":{"start":{"line":7,"column":200},"end":{"line":7,"column":231}},"7":{"start":{"line":7,"column":232},"end":{"line":7,"column":286}},"8":{"start":{"line":7,"column":259},"end":{"line":7,"column":286}},"9":{"start":{"line":7,"column":287},"end":{"line":7,"column":345}},"10":{"start":{"line":7,"column":350},"end":{"line":7,"column":559}},"11":{"start":{"line":7,"column":407},"end":{"line":7,"column":475}},"12":{"start":{"line":7,"column":423},"end":{"line":7,"column":475}},"13":{"start":{"line":7,"column":476},"end":{"line":7,"column":536}},"14":{"start":{"line":7,"column":493},"end":{"line":7,"column":536}},"15":{"start":{"line":7,"column":537},"end":{"line":7,"column":556}},"16":{"start":{"line":9,"column":15},"end":{"line":9,"column":36}},"17":{"start":{"line":11,"column":10},"end":{"line":11,"column":26}},"18":{"start":{"line":13,"column":11},"end":{"line":13,"column":38}},"19":{"start":{"line":15,"column":39},"end":{"line":15,"column":93}},"20":{"start":{"line":17,"column":33},"end":{"line":17,"column":456}},"21":{"start":{"line":17,"column":64},"end":{"line":17,"column":89}},"22":{"start":{"line":17,"column":91},"end":{"line":17,"column":453}},"23":{"start":{"line":17,"column":165},"end":{"line":17,"column":263}},"24":{"start":{"line":17,"column":182},"end":{"line":17,"column":195}},"25":{"start":{"line":17,"column":209},"end":{"line":17,"column":219}},"26":{"start":{"line":17,"column":239},"end":{"line":17,"column":253}},"27":{"start":{"line":17,"column":254},"end":{"line":17,"column":261}},"28":{"start":{"line":17,"column":264},"end":{"line":17,"column":426}},"29":{"start":{"line":17,"column":281},"end":{"line":17,"column":296}},"30":{"start":{"line":17,"column":306},"end":{"line":17,"column":424}},"31":{"start":{"line":17,"column":360},"end":{"line":17,"column":380}},"32":{"start":{"line":17,"column":401},"end":{"line":17,"column":420}},"33":{"start":{"line":17,"column":429},"end":{"line":17,"column":449}},"34":{"start":{"line":19,"column":50},"end":{"line":19,"column":151}},"35":{"start":{"line":19,"column":92},"end":{"line":19,"column":149}},"36":{"start":{"line":21,"column":17},"end":{"line":21,"column":36}},"37":{"start":{"line":22,"column":11},"end":{"line":22,"column":26}},"38":{"start":{"line":23,"column":16},"end":{"line":23,"column":36}},"39":{"start":{"line":29,"column":21},"end":{"line":430,"column":3}},"40":{"start":{"line":31,"column":4},"end":{"line":31,"column":42}},"41":{"start":{"line":34,"column":2},"end":{"line":427,"column":6}},"42":{"start":{"line":43,"column":17},"end":{"line":98,"column":9}},"43":{"start":{"line":45,"column":8},"end":{"line":97,"column":36}},"44":{"start":{"line":46,"column":10},"end":{"line":96,"column":11}},"45":{"start":{"line":47,"column":12},"end":{"line":95,"column":13}},"46":{"start":{"line":49,"column":16},"end":{"line":49,"column":34}},"47":{"start":{"line":50,"column":16},"end":{"line":50,"column":32}},"48":{"start":{"line":51,"column":16},"end":{"line":51,"column":34}},"49":{"start":{"line":52,"column":16},"end":{"line":71,"column":19}},"50":{"start":{"line":53,"column":18},"end":{"line":70,"column":21}},"51":{"start":{"line":54,"column":30},"end":{"line":54,"column":38}},"52":{"start":{"line":55,"column":35},"end":{"line":55,"column":48}},"53":{"start":{"line":56,"column":35},"end":{"line":56,"column":48}},"54":{"start":{"line":57,"column":39},"end":{"line":57,"column":56}},"55":{"start":{"line":59,"column":38},"end":{"line":62,"column":21}},"56":{"start":{"line":63,"column":31},"end":{"line":68,"column":21}},"57":{"start":{"line":69,"column":20},"end":{"line":69,"column":34}},"58":{"start":{"line":74,"column":16},"end":{"line":74,"column":37}},"59":{"start":{"line":76,"column":16},"end":{"line":79,"column":19}},"60":{"start":{"line":80,"column":16},"end":{"line":80,"column":35}},"61":{"start":{"line":81,"column":16},"end":{"line":81,"column":22}},"62":{"start":{"line":84,"column":16},"end":{"line":84,"column":34}},"63":{"start":{"line":85,"column":16},"end":{"line":85,"column":51}},"64":{"start":{"line":87,"column":16},"end":{"line":90,"column":19}},"65":{"start":{"line":94,"column":16},"end":{"line":94,"column":39}},"66":{"start":{"line":101,"column":8},"end":{"line":101,"column":43}},"67":{"start":{"line":104,"column":6},"end":{"line":104,"column":20}},"68":{"start":{"line":116,"column":18},"end":{"line":193,"column":9}},"69":{"start":{"line":119,"column":8},"end":{"line":192,"column":38}},"70":{"start":{"line":120,"column":10},"end":{"line":191,"column":11}},"71":{"start":{"line":121,"column":12},"end":{"line":190,"column":13}},"72":{"start":{"line":123,"column":16},"end":{"line":123,"column":35}},"73":{"start":{"line":124,"column":16},"end":{"line":124,"column":99}},"74":{"start":{"line":125,"column":16},"end":{"line":125,"column":35}},"75":{"start":{"line":126,"column":16},"end":{"line":130,"column":19}},"76":{"start":{"line":127,"column":18},"end":{"line":129,"column":21}},"77":{"start":{"line":128,"column":20},"end":{"line":128,"column":34}},"78":{"start":{"line":133,"column":16},"end":{"line":133,"column":38}},"79":{"start":{"line":135,"column":16},"end":{"line":138,"column":17}},"80":{"start":{"line":136,"column":18},"end":{"line":136,"column":37}},"81":{"start":{"line":137,"column":18},"end":{"line":137,"column":24}},"82":{"start":{"line":140,"column":16},"end":{"line":143,"column":19}},"83":{"start":{"line":144,"column":16},"end":{"line":144,"column":50}},"84":{"start":{"line":147,"column":16},"end":{"line":150,"column":17}},"85":{"start":{"line":148,"column":18},"end":{"line":148,"column":38}},"86":{"start":{"line":149,"column":18},"end":{"line":149,"column":24}},"87":{"start":{"line":152,"column":16},"end":{"line":155,"column":19}},"88":{"start":{"line":156,"column":16},"end":{"line":156,"column":50}},"89":{"start":{"line":159,"column":16},"end":{"line":159,"column":65}},"90":{"start":{"line":160,"column":16},"end":{"line":163,"column":18}},"91":{"start":{"line":164,"column":16},"end":{"line":169,"column":18}},"92":{"start":{"line":171,"column":16},"end":{"line":174,"column":19}},"93":{"start":{"line":175,"column":16},"end":{"line":175,"column":36}},"94":{"start":{"line":176,"column":16},"end":{"line":176,"column":22}},"95":{"start":{"line":179,"column":16},"end":{"line":179,"column":36}},"96":{"start":{"line":180,"column":16},"end":{"line":180,"column":53}},"97":{"start":{"line":182,"column":16},"end":{"line":185,"column":19}},"98":{"start":{"line":189,"column":16},"end":{"line":189,"column":40}},"99":{"start":{"line":196,"column":8},"end":{"line":196,"column":44}},"100":{"start":{"line":199,"column":6},"end":{"line":199,"column":31}},"101":{"start":{"line":211,"column":18},"end":{"line":288,"column":9}},"102":{"start":{"line":214,"column":8},"end":{"line":287,"column":38}},"103":{"start":{"line":215,"column":10},"end":{"line":286,"column":11}},"104":{"start":{"line":216,"column":12},"end":{"line":285,"column":13}},"105":{"start":{"line":218,"column":16},"end":{"line":218,"column":35}},"106":{"start":{"line":219,"column":16},"end":{"line":219,"column":110}},"107":{"start":{"line":220,"column":16},"end":{"line":220,"column":35}},"108":{"start":{"line":221,"column":16},"end":{"line":225,"column":19}},"109":{"start":{"line":222,"column":18},"end":{"line":224,"column":21}},"110":{"start":{"line":223,"column":20},"end":{"line":223,"column":34}},"111":{"start":{"line":228,"column":16},"end":{"line":228,"column":38}},"112":{"start":{"line":230,"column":16},"end":{"line":233,"column":17}},"113":{"start":{"line":231,"column":18},"end":{"line":231,"column":37}},"114":{"start":{"line":232,"column":18},"end":{"line":232,"column":24}},"115":{"start":{"line":235,"column":16},"end":{"line":238,"column":19}},"116":{"start":{"line":239,"column":16},"end":{"line":239,"column":50}},"117":{"start":{"line":242,"column":16},"end":{"line":245,"column":17}},"118":{"start":{"line":243,"column":18},"end":{"line":243,"column":38}},"119":{"start":{"line":244,"column":18},"end":{"line":244,"column":24}},"120":{"start":{"line":247,"column":16},"end":{"line":250,"column":19}},"121":{"start":{"line":251,"column":16},"end":{"line":251,"column":50}},"122":{"start":{"line":254,"column":16},"end":{"line":254,"column":57}},"123":{"start":{"line":255,"column":16},"end":{"line":258,"column":18}},"124":{"start":{"line":259,"column":16},"end":{"line":264,"column":18}},"125":{"start":{"line":266,"column":16},"end":{"line":269,"column":19}},"126":{"start":{"line":270,"column":16},"end":{"line":270,"column":36}},"127":{"start":{"line":271,"column":16},"end":{"line":271,"column":22}},"128":{"start":{"line":274,"column":16},"end":{"line":274,"column":36}},"129":{"start":{"line":275,"column":16},"end":{"line":275,"column":53}},"130":{"start":{"line":277,"column":16},"end":{"line":280,"column":19}},"131":{"start":{"line":284,"column":16},"end":{"line":284,"column":40}},"132":{"start":{"line":291,"column":8},"end":{"line":291,"column":44}},"133":{"start":{"line":294,"column":6},"end":{"line":294,"column":34}},"134":{"start":{"line":306,"column":18},"end":{"line":357,"column":9}},"135":{"start":{"line":309,"column":8},"end":{"line":356,"column":38}},"136":{"start":{"line":310,"column":10},"end":{"line":355,"column":11}},"137":{"start":{"line":311,"column":12},"end":{"line":354,"column":13}},"138":{"start":{"line":313,"column":16},"end":{"line":313,"column":35}},"139":{"start":{"line":314,"column":16},"end":{"line":314,"column":49}},"140":{"start":{"line":315,"column":16},"end":{"line":315,"column":35}},"141":{"start":{"line":316,"column":16},"end":{"line":324,"column":19}},"142":{"start":{"line":317,"column":18},"end":{"line":323,"column":21}},"143":{"start":{"line":318,"column":20},"end":{"line":320,"column":23}},"144":{"start":{"line":319,"column":22},"end":{"line":319,"column":45}},"145":{"start":{"line":321,"column":20},"end":{"line":321,"column":33}},"146":{"start":{"line":322,"column":20},"end":{"line":322,"column":35}},"147":{"start":{"line":327,"column":16},"end":{"line":327,"column":38}},"148":{"start":{"line":328,"column":16},"end":{"line":328,"column":91}},"149":{"start":{"line":329,"column":16},"end":{"line":333,"column":18}},"150":{"start":{"line":335,"column":16},"end":{"line":338,"column":19}},"151":{"start":{"line":339,"column":16},"end":{"line":339,"column":36}},"152":{"start":{"line":340,"column":16},"end":{"line":340,"column":22}},"153":{"start":{"line":343,"column":16},"end":{"line":343,"column":36}},"154":{"start":{"line":344,"column":16},"end":{"line":344,"column":53}},"155":{"start":{"line":346,"column":16},"end":{"line":349,"column":19}},"156":{"start":{"line":353,"column":16},"end":{"line":353,"column":40}},"157":{"start":{"line":360,"column":8},"end":{"line":360,"column":44}},"158":{"start":{"line":363,"column":6},"end":{"line":363,"column":20}},"159":{"start":{"line":375,"column":18},"end":{"line":419,"column":9}},"160":{"start":{"line":377,"column":8},"end":{"line":418,"column":37}},"161":{"start":{"line":378,"column":10},"end":{"line":417,"column":11}},"162":{"start":{"line":379,"column":12},"end":{"line":416,"column":13}},"163":{"start":{"line":381,"column":16},"end":{"line":381,"column":35}},"164":{"start":{"line":382,"column":16},"end":{"line":382,"column":51}},"165":{"start":{"line":383,"column":16},"end":{"line":383,"column":35}},"166":{"start":{"line":384,"column":16},"end":{"line":388,"column":19}},"167":{"start":{"line":385,"column":18},"end":{"line":387,"column":21}},"168":{"start":{"line":386,"column":20},"end":{"line":386,"column":34}},"169":{"start":{"line":391,"column":16},"end":{"line":391,"column":43}},"170":{"start":{"line":392,"column":16},"end":{"line":395,"column":18}},"171":{"start":{"line":397,"column":16},"end":{"line":400,"column":19}},"172":{"start":{"line":401,"column":16},"end":{"line":401,"column":36}},"173":{"star
[...]
n":14},"end":{"line":185,"column":19}},{"start":{"line":187,"column":14},"end":{"line":187,"column":22}},{"start":{"line":188,"column":14},"end":{"line":189,"column":40}}],"line":121},"10":{"loc":{"start":{"line":135,"column":16},"end":{"line":138,"column":17}},"type":"if","locations":[{"start":{"line":135,"column":16},"end":{"line":138,"column":17}},{"start":{"line":135,"column":16},"end":{"line":138,"column":17}}],"line":135},"11":{"loc":{"start":{"line":147,"column":16},"end":{"line":150,"column":17}},"type":"if","locations":[{"start":{"line":147,"column":16},"end":{"line":150,"column":17}},{"start":{"line":147,"column":16},"end":{"line":150,"column":17}}],"line":147},"12":{"loc":{"start":{"line":216,"column":12},"end":{"line":285,"column":13}},"type":"switch","locations":[{"start":{"line":217,"column":14},"end":{"line":225,"column":19}},{"start":{"line":227,"column":14},"end":{"line":239,"column":50}},{"start":{"line":241,"column":14},"end":{"line":251,"column":50}},{"start":{"line":253,"column":14},"end":{"line":271,"column":22}},{"start":{"line":273,"column":14},"end":{"line":280,"column":19}},{"start":{"line":282,"column":14},"end":{"line":282,"column":22}},{"start":{"line":283,"column":14},"end":{"line":284,"column":40}}],"line":216},"13":{"loc":{"start":{"line":230,"column":16},"end":{"line":233,"column":17}},"type":"if","locations":[{"start":{"line":230,"column":16},"end":{"line":233,"column":17}},{"start":{"line":230,"column":16},"end":{"line":233,"column":17}}],"line":230},"14":{"loc":{"start":{"line":242,"column":16},"end":{"line":245,"column":17}},"type":"if","locations":[{"start":{"line":242,"column":16},"end":{"line":245,"column":17}},{"start":{"line":242,"column":16},"end":{"line":245,"column":17}}],"line":242},"15":{"loc":{"start":{"line":311,"column":12},"end":{"line":354,"column":13}},"type":"switch","locations":[{"start":{"line":312,"column":14},"end":{"line":324,"column":19}},{"start":{"line":326,"column":14},"end":{"line":340,"column":22}},{"start":{"line":342,"column":14},"end":{"line":349,"column":19}},{"start":{"line":351,"column":14},"end":{"line":351,"column":22}},{"start":{"line":352,"column":14},"end":{"line":353,"column":40}}],"line":311},"16":{"loc":{"start":{"line":379,"column":12},"end":{"line":416,"column":13}},"type":"switch","locations":[{"start":{"line":380,"column":14},"end":{"line":388,"column":19}},{"start":{"line":390,"column":14},"end":{"line":402,"column":22}},{"start":{"line":404,"column":14},"end":{"line":411,"column":19}},{"start":{"line":413,"column":14},"end":{"line":413,"column":22}},{"start":{"line":414,"column":14},"end":{"line":415,"column":40}}],"line":379}},"s":{"0":1,"1":1,"2":1,"3":1,"4":5,"5":5,"6":5,"7":5,"8":5,"9":5,"10":1,"11":1,"12":0,"13":1,"14":1,"15":1,"16":1,"17":1,"18":1,"19":1,"20":5,"21":5,"22":5,"23":10,"24":10,"25":10,"26":0,"27":0,"28":10,"29":5,"30":5,"31":5,"32":0,"33":5,"34":0,"35":0,"36":1,"37":1,"38":1,"39":1,"40":0,"41":1,"42":1,"43":1,"44":2,"45":3,"46":1,"47":1,"48":1,"49":1,"50":1,"51":1,"52":1,"53":1,"54":1,"55":1,"56":1,"57":1,"58":1,"59":1,"60":1,"61":1,"62":0,"63":0,"64":0,"65":1,"66":1,"67":1,"68":1,"69":2,"70":4,"71":10,"72":2,"73":2,"74":2,"75":2,"76":2,"77":2,"78":2,"79":2,"80":2,"81":2,"82":0,"83":0,"84":2,"85":2,"86":2,"87":0,"88":0,"89":2,"90":2,"91":2,"92":2,"93":2,"94":2,"95":0,"96":0,"97":0,"98":2,"99":2,"100":1,"101":1,"102":0,"103":0,"104":0,"105":0,"106":0,"107":0,"108":0,"109":0,"110":0,"111":0,"112":0,"113":0,"114":0,"115":0,"116":0,"117":0,"118":0,"119":0,"120":0,"121":0,"122":0,"123":0,"124":0,"125":0,"126":0,"127":0,"128":0,"129":0,"130":0,"131":0,"132":0,"133":1,"134":1,"135":1,"136":2,"137":3,"138":1,"139":1,"140":1,"141":1,"142":1,"143":1,"144":1,"145":1,"146":1,"147":1,"148":1,"149":1,"150":1,"151":1,"152":1,"153":0,"154":0,"155":0,"156":1,"157":1,"158":1,"159":1,"160":1,"161":2,"162":3,"163":1,"164":1,"165":1,"166":1,"167":1,"168":1,"169":1,"170":1,"171":1,"172":1,"173":1,"174":0,"175":0,"176":0,"177":1,"178":1,"179":1,"180":1,"181":1},"f":{"0":1,"1":1,"2":1,"3":1,"4":5,"5":5,"6":5,"7":10,"8":5,"9":0,"10":0,"11":1,"12":0,"13":1,"14":1,"15":2,"16":1,"17":1,"18":1,"19":1,"20":2,"21":4,"22":2,"23":2,"24":2,"25":1,"26":0,"27":0,"28":0,"29":0,"30":0,"31":1,"32":1,"33":2,"34":1,"35":1,"36":1,"37":1,"38":1,"39":1,"40":2,"41":1,"42":1,"43":1},"b":{"0":[5,5],"1":[5,0],"2":[0,1],"3":[1,0],"4":[1,0],"5":[1,1],"6":[5,5],"7":[0,0],"8":[1,1,0,1,1],"9":[2,2,2,2,0,2,2],"10":[2,0],"11":[2,0],"12":[0,0,0,0,0,0,0],"13":[0,0],"14":[0,0],"15":[1,1,0,1,1],"16":[1,1,0,1,1]},"_coverageSchema":"43e27e138ebf9cfc5966b082cf9a028302ed4184","hash":"e2fa0848967ece7e1aea6fb427489f3153b7630e","contentHash":"7a24f2d3e4a833b1d636034a3efde1bc0b0a53fa55100e27cb6647338656c3fc"},"C:\\Code-Projects\\Gallerium\\src\\Server\\controllers\\profile.js":{"path":"C:\\Code-Projects\\Gallerium\\src\\Server\\controllers\\profile.js","statementMap":{"0":{"start":{"line":3,"column":0},"end":{"line":5,"column":3}},"1":{"start":{"line":7,"column":19},"end":{"line":7,"column":563}},"2":{"start":{"line":7,"column":76},"end":{"line":7,"column":347}},"3":{"start":{"line":7,"column":89},"end":{"line":7,"column":90}},"4":{"start":{"line":7,"column":134},"end":{"line":7,"column":142}},"5":{"start":{"line":7,"column":144},"end":{"line":7,"column":199}},"6":{"start":{"line":7,"column":200},"end":{"line":7,"column":231}},"7":{"start":{"line":7,"column":232},"end":{"line":7,"column":286}},"8":{"start":{"line":7,"column":259},"end":{"line":7,"column":286}},"9":{"start":{"line":7,"column":287},"end":{"line":7,"column":345}},"10":{"start":{"line":7,"column":350},"end":{"line":7,"column":559}},"11":{"start":{"line":7,"column":407},"end":{"line":7,"column":475}},"12":{"start":{"line":7,"column":423},"end":{"line":7,"column":475}},"13":{"start":{"line":7,"column":476},"end":{"line":7,"column":536}},"14":{"start":{"line":7,"column":493},"end":{"line":7,"column":536}},"15":{"start":{"line":7,"column":537},"end":{"line":7,"column":556}},"16":{"start":{"line":9,"column":10},"end":{"line":9,"column":26}},"17":{"start":{"line":11,"column":11},"end":{"line":11,"column":38}},"18":{"start":{"line":13,"column":39},"end":{"line":13,"column":93}},"19":{"start":{"line":15,"column":33},"end":{"line":15,"column":456}},"20":{"start":{"line":15,"column":64},"end":{"line":15,"column":89}},"21":{"start":{"line":15,"column":91},"end":{"line":15,"column":453}},"22":{"start":{"line":15,"column":165},"end":{"line":15,"column":263}},"23":{"start":{"line":15,"column":182},"end":{"line":15,"column":195}},"24":{"start":{"line":15,"column":209},"end":{"line":15,"column":219}},"25":{"start":{"line":15,"column":239},"end":{"line":15,"column":253}},"26":{"start":{"line":15,"column":254},"end":{"line":15,"column":261}},"27":{"start":{"line":15,"column":264},"end":{"line":15,"column":426}},"28":{"start":{"line":15,"column":281},"end":{"line":15,"column":296}},"29":{"start":{"line":15,"column":306},"end":{"line":15,"column":424}},"30":{"start":{"line":15,"column":360},"end":{"line":15,"column":380}},"31":{"start":{"line":15,"column":401},"end":{"line":15,"column":420}},"32":{"start":{"line":15,"column":429},"end":{"line":15,"column":449}},"33":{"start":{"line":17,"column":50},"end":{"line":17,"column":151}},"34":{"start":{"line":17,"column":92},"end":{"line":17,"column":149}},"35":{"start":{"line":19,"column":14},"end":{"line":19,"column":41}},"36":{"start":{"line":25,"column":24},"end":{"line":150,"column":3}},"37":{"start":{"line":27,"column":4},"end":{"line":27,"column":45}},"38":{"start":{"line":30,"column":2},"end":{"line":147,"column":6}},"39":{"start":{"line":39,"column":17},"end":{"line":81,"column":9}},"40":{"start":{"line":41,"column":8},"end":{"line":80,"column":36}},"41":{"start":{"line":42,"column":10},"end":{"line":79,"column":11}},"42":{"start":{"line":43,"column":12},"end":{"line":78,"column":13}},"43":{"start":{"line":45,"column":16},"end":{"line":45,"column":34}},"44":{"start":{"line":46,"column":16},"end":{"line":46,"column":49}},"45":{"start":{"line":48,"column":16},"end":{"line":48,"column":38}},"46":{"start":{"line":49,"column":16},"end":{"line":49,"column":34}},"47":{"start":{"line":50,"column":16},"end":{"line":54,"column":19}},"48":{"start":{"line":51,"column":18},"end":{"line":53,"column":21}},"49":{"start":{"line":52,"column":20},"end":{"line":52,"column":37}},"50":{"start":{"line":57,"column":16},"end":{"line":57,"column":37}},"51":{"start":{"line":59,"column":16},"end":{"line":62,"column":19}},"52":{"start":{"line":63,"column":16},"end":{"line":63,"column":35}},"53":{"start":{"line":64,"column":16},"end":{"line":64,"column":22}},"54":{"start":{"line":67,"column":16},"end":{"line":67,"column":34}},"55":{"start":{"line":68,"column":16},"end":{"line":68,"column":51}},"56":{"start":{"line":70,"column":16},"end":{"line":73,"column":19}},"57":{"start":{"line":77,"column":16},"end":{"line":77,"column":39}},"58":{"start":{"line":84,"column":8},"end":{"line":84,"column":43}},"59":{"start":{"line":87,"column":6},"end":{"line":87,"column":20}},"60":{"start":{"line":99,"column":18},"end":{"line":139,"column":9}},"61":{"start":{"line":101,"column":8},"end":{"line":138,"column":37}},"62":{"start":{"line":102,"column":10},"end":{"line":137,"column":11}},"63":{"start":{"line":103,"column":12},"end":{"line":136,"column":13}},"64":{"start":{"line":105,"column":16},"end":{"line":105,"column":35}},"65":{"start":{"line":106,"column":16},"end":{"line":106,"column":49}},"66":{"start":{"line":107,"column":16},"end":{"line":107,"column":35}},"67":{"start":{"line":108,"column":16},"end":{"line":112,"column":19}},"68":{"start":{"line":109,"column":18},"end":{"line":111,"column":21}},"69":{"start":{"line":110,"column":20},"end":{"line":110,"column":37}},"70":{"start":{"line":115,"column":16},"end":{"line":115,"column":38}},"71":{"start":{"line":117,"column":16},"end":{"line":120,"column":19}},"72":{"start":{"line":121,"column":16},"end":{"line":121,"column":36}},"73":{"start":{"line":122,"column":16},"end":{"line":122,"column":22}},"74":{"start":{"line":125,"column":16},"end":{"line":125,"column":35}},"75":{"start":{"line":126,"column":16},"end":{"line":126,"column":53}},"76":{"start":{"line":128,"column":16},"end":{"line":131,"column":19}},"77":{"start":{"line":135,"column":16},"end":{"line":135,"column":40}},"78":{"start":{"line":142,"column":8},"end":{"line":142,"column":44}},"79":{"start":{"line":145,"column":6},"end":{"line":145,"column":20}},"80":{"start":{"line":149,"column":2},"end":{"line":149,"column":27}},"81":{"start":{"line":152,"column":0},"end":{"line":152,"column":36}}},"fnMap":{"0":{"name":"(anonymous_0)","decl":{"start":{"line":7,"column":19},"end":{"line":7,"column":20}},"loc":{"start":{"line":7,"column":31},"end":{"line":7,"column":561}},"line":7},"1":{"name":"defineProperties","decl":{"start":{"line":7,"column":42},"end":{"line":7,"column":58}},"loc":{"start":{"line":7,"column":74},"end":{"line":7,"column":349}},"line":7},"2":{"name":"(anonymous_2)","decl":{"start":{"line":7,"column":357},"end":{"line":7,"column":358}},"loc":{"start":{"line":7,"column":405},"end":{"line":7,"column":558}},"line":7},"3":{"name":"_interopRequireDefault","decl":{"start":{"line":13,"column":9},"end":{"line":13,"column":31}},"loc":{"start":{"line":13,"column":37},"end":{"line":13,"column":95}},"line":13},"4":{"name":"_asyncToGenerator","decl":{"start":{"line":15,"column":9},"end":{"line":15,"column":26}},"loc":{"start":{"line":15,"column":31},"end":{"line":15,"column":458}},"line":15},"5":{"name":"(anonymous_5)","decl":{"start":{"line":15,"column":40},"end":{"line":15,"column":41}},"loc":{"start":{"line":15,"column":52},"end":{"line":15,"column":455}},"line":15},"6":{"name":"(anonymous_6)","decl":{"start":{"line":15,"column":110},"end":{"line":15,"column":111}},"loc":{"start":{"line":15,"column":137},"end":{"line":15,"column":451}},"line":15},"7":{"name":"step","decl":{"start":{"line":15,"column":148},"end":{"line":15,"column":152}},"loc":{"start":{"line":15,"column":163},"end":{"line":15,"column":428}},"line":15},"8":{"name":"(anonymous_8)","decl":{"start":{"line":15,"column":341},"end":{"line":15,"column":342}},"loc":{"start":{"line":15,"column":358},"end":{"line":15,"column":382}},"line":15},"9":{"name":"(anonymous_9)","decl":{"start":{"line":15,"column":384},"end":{"line":15,"column":385}},"loc":{"start":{"line":15,"column":399},"end":{"line":15,"column":422}},"line":15},"10":{"name":"_classCallCheck","decl":{"start":{"line":17,"column":9},"end":{"line":17,"column":24}},"loc":{"start":{"line":17,"column":48},"end":{"line":17,"column":153}},"line":17},"11":{"name":"(anonymous_11)","decl":{"start":{"line":25,"column":24},"end":{"line":25,"column":25}},"loc":{"start":{"line":25,"column":36},"end":{"line":150,"column":1}},"line":25},"12":{"name":"ProfileController","decl":{"start":{"line":26,"column":11},"end":{"line":26,"column":28}},"loc":{"start":{"line":26,"column":31},"end":{"line":28,"column":3}},"line":26},"13":{"name":"(anonymous_13)","decl":{"start":{"line":38,"column":11},"end":{"line":38,"column":12}},"loc":{"start":{"line":38,"column":23},"end":{"line":88,"column":5}},"line":38},"14":{"name":"_callee","decl":{"start":{"line":39,"column":82},"end":{"line":39,"column":89}},"loc":{"start":{"line":39,"column":100},"end":{"line":81,"column":7}},"line":39},"15":{"name":"_callee$","decl":{"start":{"line":41,"column":48},"end":{"line":41,"column":56}},"loc":{"start":{"line":41,"column":67},"end":{"line":80,"column":9}},"line":41},"16":{"name":"(anonymous_16)","decl":{"start":{"line":50,"column":35},"end":{"line":50,"column":36}},"loc":{"start":{"line":50,"column":54},"end":{"line":54,"column":17}},"line":50},"17":{"name":"(anonymous_17)","decl":{"start":{"line":51,"column":44},"end":{"line":51,"column":45}},"loc":{"start":{"line":51,"column":63},"end":{"line":53,"column":19}},"line":51},"18":{"name":"create","decl":{"start":{"line":83,"column":15},"end":{"line":83,"column":21}},"loc":{"start":{"line":83,"column":31},"end":{"line":85,"column":7}},"line":83},"19":{"name":"(anonymous_19)","decl":{"start":{"line":98,"column":11},"end":{"line":98,"column":12}},"loc":{"start":{"line":98,"column":23},"end":{"line":146,"column":5}},"line":98},"20":{"name":"_callee2","decl":{"start":{"line":99,"column":83},"end":{"line":99,"column":91}},"loc":{"start":{"line":99,"column":102},"end":{"line":139,"column":7}},"line":99},"21":{"name":"_callee2$","decl":{"start":{"line":101,"column":48},"end":{"line":101,"column":57}},"loc":{"start":{"line":101,"column":69},"end":{"line":138,"column":9}},"line":101},"22":{"name":"(anonymous_22)","decl":{"start":{"line":108,"column":35},"end":{"line":108,"column":36}},"loc":{"start":{"line":108,"column":54},"end":{"line":112,"column":17}},"line":108},"23":{"name":"(anonymous_23)","decl":{"start":{"line":109,"column":61},"end":{"line":109,"column":62}},"loc":{"start":{"line":109,"column":80},"end":{"line":111,"column":19}},"line":109},"24":{"name":"update","decl":{"start":{"line":141,"column":15},"end":{"line":141,"column":21}},"loc":{"start":{"line":141,"column":32},"end":{"line":143,"column":7}},"line":141}},"branchMap":{"0":{"loc":{"start":{"line":7,"column":168},"end":{"line":7,"column":198}},"type":"binary-expr","locations":[{"start":{"line":7,"column":168},"end":{"line":7,"column":189}},{"start":{"line":7,"column":193},"end":{"line":7,"column":198}}],"line":7},"1":{"loc":{"start":{"line":7,"column":232},"end":{"line":7,"column":286}},"type":"if","locations":[{"start":{"line":7,"column":232},"end":{"line":7,"column":286}},{"start":{"line":7,"column":232},"end":{"line":7,"column":286}}],"line":7},"2":{"loc":{"start":{"line":7,"column":407},"end":{"line":7,"column":475}},"type":"if","locations":[{"start":{"line":7,"column":407},"end":{"line":7,"column":475}},{"start":{"line":7,"column":407},"end":{"line":7,"column":475}}],"line":7},"3":{"loc":{"start":{"line":7,"column":476},"end":{"line":7,"column":536}},"type":"if","locations":[{"start":{"line":7,"column":476},"end":{"line":7,"column":536}},{"start":{"line":7,"column":476},"end":{"line":7,"column":536}}],"line":7},"4":{"loc":{"start":{"line":13,"column":46},"end":{"line":13,"column":92}},"type":"cond-expr","locations":[{"start":{"line":13,"column":70},"end":{"line":13,"column":73}},{"start":{"line":13,"column":76},"end":{"line":13,"column":92}}],"line":13},"5":{"loc":{"start":{"line":13,"column":46},"end":{"line":13,"column":67}},"type":"binary-expr","locations":[{"start":{"line":13,"column":46},"end":{"line":13,"column":49}},{"start":{"line":13,"column":53},"end":{"line":13,"column":67}}],"line":13},"6":{"loc":{"start":{"line":15,"column":264},"end":{"line":15,"column":426}},"type":"if","locations":[{"start":{"line":15,"column":264},"end":{"line":15,"column":426}},{"start":{"line":15,"column":264},"end":{"line":15,"column":426}}],"line":15},"7":{"loc":{"start":{"line":17,"column":50},"end":{"line":17,"column":151}},"type":"if","locations":[{"start":{"line":17,"column":50},"end":{"line":17,"column":151}},{"start":{"line":17,"column":50},"end":{"line":17,"column":151}}],"line":17},"8":{"loc":{"start":{"line":43,"column":12},"end":{"line":78,"column":13}},"type":"switch","locations":[{"start":{"line":44,"column":14},"end":{"line":54,"column":19}},{"start":{"line":56,"column":14},"end":{"line":64,"column":22}},{"start":{"line":66,"column":14},"end":{"line":73,"column":19}},{"start":{"line":75,"column":14},"end":{"line":75,"column":22}},{"start":{"line":76,"column":14},"end":{"line":77,"column":39}}],"line":43},"9":{"loc":{"start":{"line":103,"column":12},"end":{"line":136,"column":13}},"type":"switch","locations":[{"start":{"line":104,"column":14},"end":{"line":112,"column":19}},{"start":{"line":114,"column":14},"end":{"line":122,"column":22}},{"start":{"line":124,"column":14},"end":{"line":131,"column":19}},{"start":{"line":133,"column":14},"end":{"line":133,"column":22}},{"start":{"line":134,"column":14},"end":{"line":135,"column":40}}],"line":103}},"s":{"0":1,"1":1,"2":1,"3":1,"4":2,"5":2,"6":2,"7":2,"8":2,"9":2,"10":1,"11":1,"12":0,"13":1,"14":1,"15":1,"16":1,"17":1,"18":1,"19":2,"20":0,"21":0,"22":0,"23":0,"24":0,"25":0,"26":0,"27":0,"28":0,"29":0,"30":0,"31":0,"32":0,"33":0,"34":0,"35":1,"36":1,"37":0,"38":1,"39":1,"40":0,"41":0,"42":0,"43":0,"44":0,"45":0,"46":0,"47":0,"48":0,"49":0,"50":0,"51":0,"52":0,"53":0,"54":0,"55":0,"56":0,"57":0,"58":0,"59":1,"60":1,"61":0,"62":0,"63":0,"64":0,"65":0,"66":0,"67":0,"68":0,"69":0,"70":0,"71":0,"72":0,"73":0,"74":0,"75":0,"76":0,"77":0,"78":0,"79":1,"80":1,"81":1},"f":{"0":1,"1":1,"2":1,"3":1,"4":2,"5":0,"6":0,"7":0,"8":0,"9":0,"10":0,"11":1,"12":0,"13":1,"14":0,"15":0,"16":0,"17":0,"18":0,"19":1,"20":0,"21":0,"22":0,"23":0,"24":0},"b":{"0":[2,2],"1":[2,0],"2":[0,1],"3":[1,0],"4":[1,0],"5":[1,1],"6":[0,0],"7":[0,0],"8":[0,0,0,0,0],"9":[0,0,0,0,0]},"_coverageSchema":"43e27e138ebf9cfc5966b082cf9a028302ed4184","hash":"0867010b919b781586a2834b96513e47d5107094","contentHash":"59a28caff71da881e9e4a722b9da62ebff63ccdadc977b238a80f4710d035635"},"C:\\Code-Projects\\Gallerium\\src\\Server\\routes\\profile.js":{"path":"C:\\Code-Projects\\Gallerium\\src\\Server\\routes\\profile.js","statementMap":{"0":{"start":{"line":3,"column":0},"end":{"line":5,"column":3}},"1":{"start":{"line":7,"column":15},"end":{"line":7,"column":33}},"2":{"start":{"line":9,"column":19},"end":{"line":9,"column":44}},"3":{"start":{"line":11,"column":19},"end":{"line":11,"column":44}},"4":{"start":{"line":13,"column":13},"end":{"line":13,"column":35}},"5":{"start":{"line":15,"column":0},"end":{"line":15,"column":93}},"6":{"start":{"line":17,"column":0},"end":{"line":17,"column":92}},"7":{"start":{"line":19,"column":0},"end":{"line":19,"column":25}}},"fnMap":{},"branchMap":{},"s":{"0":1,"1":1,"2":1,"3":1,"4":1,"5":1,"6":1,"7":1},"f":{},"b":{},"_coverageSchema":"43e27e138ebf9cfc5966b082cf9a028302ed4184","hash":"fa488697b19a71040240036c49ce656ee025dfb9","contentHash":"d265fc0f2b0b9ba2c89bb1d78678703d263b59cbe20c7aeb18d154c95b8cae8a"}}